{"D:\\Perso\\VSC\\Print-tracker.worktrees\\ajout-tests-automatiques-complets\\server\\auth.ts": {"path":"D:\\Perso\\VSC\\Print-tracker.worktrees\\ajout-tests-automatiques-complets\\server\\auth.ts","all":false,"statementMap":{"0":{"start":{"line":1,"column":0},"end":{"line":1,"column":32}},"1":{"start":{"line":2,"column":0},"end":{"line":2,"column":37}},"3":{"start":{"line":4,"column":0},"end":{"line":4,"column":37}},"31":{"start":{"line":32,"column":0},"end":{"line":32,"column":39}},"32":{"start":{"line":33,"column":0},"end":{"line":33,"column":95}},"33":{"start":{"line":34,"column":0},"end":{"line":34,"column":65}},"34":{"start":{"line":35,"column":0},"end":{"line":35,"column":5}},"35":{"start":{"line":36,"column":0},"end":{"line":36,"column":57}},"36":{"start":{"line":37,"column":0},"end":{"line":37,"column":43}},"37":{"start":{"line":38,"column":0},"end":{"line":38,"column":51}},"38":{"start":{"line":39,"column":0},"end":{"line":39,"column":49}},"39":{"start":{"line":40,"column":0},"end":{"line":40,"column":32}},"40":{"start":{"line":41,"column":0},"end":{"line":41,"column":24}},"41":{"start":{"line":42,"column":0},"end":{"line":42,"column":27}},"42":{"start":{"line":43,"column":0},"end":{"line":43,"column":5}},"43":{"start":{"line":44,"column":0},"end":{"line":44,"column":8}},"45":{"start":{"line":46,"column":0},"end":{"line":46,"column":60}},"47":{"start":{"line":48,"column":0},"end":{"line":48,"column":63}},"48":{"start":{"line":49,"column":0},"end":{"line":49,"column":54}},"49":{"start":{"line":50,"column":0},"end":{"line":50,"column":26}},"50":{"start":{"line":51,"column":0},"end":{"line":51,"column":79}},"51":{"start":{"line":52,"column":0},"end":{"line":52,"column":33}},"52":{"start":{"line":53,"column":0},"end":{"line":53,"column":95}},"53":{"start":{"line":54,"column":0},"end":{"line":54,"column":73}},"54":{"start":{"line":55,"column":0},"end":{"line":55,"column":66}},"55":{"start":{"line":56,"column":0},"end":{"line":56,"column":58}},"56":{"start":{"line":57,"column":0},"end":{"line":57,"column":61}},"57":{"start":{"line":58,"column":0},"end":{"line":58,"column":66}},"58":{"start":{"line":59,"column":0},"end":{"line":59,"column":9}},"59":{"start":{"line":60,"column":0},"end":{"line":60,"column":168}},"60":{"start":{"line":61,"column":0},"end":{"line":61,"column":8}},"61":{"start":{"line":62,"column":0},"end":{"line":62,"column":3}},"62":{"start":{"line":63,"column":0},"end":{"line":63,"column":25}},"63":{"start":{"line":64,"column":0},"end":{"line":64,"column":1}},"65":{"start":{"line":66,"column":0},"end":{"line":66,"column":43}},"66":{"start":{"line":67,"column":0},"end":{"line":67,"column":36}},"67":{"start":{"line":68,"column":0},"end":{"line":68,"column":1}},"69":{"start":{"line":70,"column":0},"end":{"line":70,"column":23}},"70":{"start":{"line":71,"column":0},"end":{"line":71,"column":52}},"71":{"start":{"line":72,"column":0},"end":{"line":72,"column":84}},"72":{"start":{"line":73,"column":0},"end":{"line":73,"column":32}},"73":{"start":{"line":74,"column":0},"end":{"line":74,"column":1}},"75":{"start":{"line":76,"column":0},"end":{"line":76,"column":34}},"76":{"start":{"line":77,"column":0},"end":{"line":77,"column":22}},"77":{"start":{"line":78,"column":0},"end":{"line":78,"column":1}},"79":{"start":{"line":80,"column":0},"end":{"line":80,"column":71}},"80":{"start":{"line":81,"column":0},"end":{"line":81,"column":37}},"81":{"start":{"line":82,"column":0},"end":{"line":82,"column":63}},"82":{"start":{"line":83,"column":0},"end":{"line":83,"column":83}},"83":{"start":{"line":84,"column":0},"end":{"line":84,"column":1}},"85":{"start":{"line":86,"column":0},"end":{"line":86,"column":94}},"86":{"start":{"line":87,"column":0},"end":{"line":87,"column":56}},"87":{"start":{"line":88,"column":0},"end":{"line":88,"column":44}},"88":{"start":{"line":89,"column":0},"end":{"line":89,"column":50}},"89":{"start":{"line":90,"column":0},"end":{"line":90,"column":54}},"90":{"start":{"line":91,"column":0},"end":{"line":91,"column":72}},"91":{"start":{"line":92,"column":0},"end":{"line":92,"column":86}},"92":{"start":{"line":93,"column":0},"end":{"line":93,"column":1}},"94":{"start":{"line":95,"column":0},"end":{"line":95,"column":37}},"95":{"start":{"line":96,"column":0},"end":{"line":96,"column":43}},"96":{"start":{"line":97,"column":0},"end":{"line":97,"column":48}},"97":{"start":{"line":98,"column":0},"end":{"line":98,"column":94}},"98":{"start":{"line":99,"column":0},"end":{"line":99,"column":3}},"99":{"start":{"line":100,"column":0},"end":{"line":100,"column":18}},"100":{"start":{"line":101,"column":0},"end":{"line":101,"column":56}},"101":{"start":{"line":102,"column":0},"end":{"line":102,"column":18}},"102":{"start":{"line":103,"column":0},"end":{"line":103,"column":29}},"103":{"start":{"line":104,"column":0},"end":{"line":104,"column":123}},"104":{"start":{"line":105,"column":0},"end":{"line":105,"column":4}},"105":{"start":{"line":106,"column":0},"end":{"line":106,"column":1}},"107":{"start":{"line":108,"column":0},"end":{"line":108,"column":72}},"108":{"start":{"line":109,"column":0},"end":{"line":109,"column":48}},"109":{"start":{"line":110,"column":0},"end":{"line":110,"column":49}},"110":{"start":{"line":111,"column":0},"end":{"line":111,"column":46}},"111":{"start":{"line":112,"column":0},"end":{"line":112,"column":36}},"112":{"start":{"line":113,"column":0},"end":{"line":113,"column":42}},"113":{"start":{"line":114,"column":0},"end":{"line":114,"column":58}},"114":{"start":{"line":115,"column":0},"end":{"line":115,"column":36}},"115":{"start":{"line":116,"column":0},"end":{"line":116,"column":26}},"116":{"start":{"line":117,"column":0},"end":{"line":117,"column":38}},"117":{"start":{"line":118,"column":0},"end":{"line":118,"column":44}},"118":{"start":{"line":119,"column":0},"end":{"line":119,"column":34}},"119":{"start":{"line":120,"column":0},"end":{"line":120,"column":10}},"120":{"start":{"line":121,"column":0},"end":{"line":121,"column":30}},"121":{"start":{"line":122,"column":0},"end":{"line":122,"column":34}},"122":{"start":{"line":123,"column":0},"end":{"line":123,"column":15}},"123":{"start":{"line":124,"column":0},"end":{"line":124,"column":35}},"124":{"start":{"line":125,"column":0},"end":{"line":125,"column":1}},"126":{"start":{"line":127,"column":0},"end":{"line":127,"column":101}},"127":{"start":{"line":128,"column":0},"end":{"line":128,"column":48}},"128":{"start":{"line":129,"column":0},"end":{"line":129,"column":39}},"129":{"start":{"line":130,"column":0},"end":{"line":130,"column":136}},"130":{"start":{"line":131,"column":0},"end":{"line":131,"column":60}},"131":{"start":{"line":132,"column":0},"end":{"line":132,"column":15}},"132":{"start":{"line":133,"column":0},"end":{"line":133,"column":3}},"133":{"start":{"line":134,"column":0},"end":{"line":134,"column":66}},"134":{"start":{"line":135,"column":0},"end":{"line":135,"column":19}},"135":{"start":{"line":136,"column":0},"end":{"line":136,"column":97}},"136":{"start":{"line":137,"column":0},"end":{"line":137,"column":31}},"137":{"start":{"line":138,"column":0},"end":{"line":138,"column":39}},"138":{"start":{"line":139,"column":0},"end":{"line":139,"column":11}},"139":{"start":{"line":140,"column":0},"end":{"line":140,"column":46}},"140":{"start":{"line":141,"column":0},"end":{"line":141,"column":40}},"141":{"start":{"line":142,"column":0},"end":{"line":142,"column":48}},"142":{"start":{"line":143,"column":0},"end":{"line":143,"column":51}},"143":{"start":{"line":144,"column":0},"end":{"line":144,"column":7}},"144":{"start":{"line":145,"column":0},"end":{"line":145,"column":4}},"145":{"start":{"line":146,"column":0},"end":{"line":146,"column":26}},"146":{"start":{"line":147,"column":0},"end":{"line":147,"column":59}},"147":{"start":{"line":148,"column":0},"end":{"line":148,"column":15}},"148":{"start":{"line":149,"column":0},"end":{"line":149,"column":3}},"149":{"start":{"line":150,"column":0},"end":{"line":150,"column":72}},"150":{"start":{"line":151,"column":0},"end":{"line":151,"column":29}},"151":{"start":{"line":152,"column":0},"end":{"line":152,"column":78}},"152":{"start":{"line":153,"column":0},"end":{"line":153,"column":15}},"153":{"start":{"line":154,"column":0},"end":{"line":154,"column":3}},"154":{"start":{"line":155,"column":0},"end":{"line":155,"column":68}},"155":{"start":{"line":156,"column":0},"end":{"line":156,"column":64}},"156":{"start":{"line":157,"column":0},"end":{"line":157,"column":4}},"157":{"start":{"line":158,"column":0},"end":{"line":158,"column":25}},"158":{"start":{"line":159,"column":0},"end":{"line":159,"column":61}},"159":{"start":{"line":160,"column":0},"end":{"line":160,"column":15}},"160":{"start":{"line":161,"column":0},"end":{"line":161,"column":3}},"161":{"start":{"line":162,"column":0},"end":{"line":162,"column":70}},"162":{"start":{"line":163,"column":0},"end":{"line":163,"column":40}},"163":{"start":{"line":164,"column":0},"end":{"line":164,"column":60}},"164":{"start":{"line":165,"column":0},"end":{"line":165,"column":15}},"165":{"start":{"line":166,"column":0},"end":{"line":166,"column":3}},"166":{"start":{"line":167,"column":0},"end":{"line":167,"column":26}},"167":{"start":{"line":168,"column":0},"end":{"line":168,"column":25}},"168":{"start":{"line":169,"column":0},"end":{"line":169,"column":156}},"169":{"start":{"line":170,"column":0},"end":{"line":170,"column":73}},"170":{"start":{"line":171,"column":0},"end":{"line":171,"column":70}},"171":{"start":{"line":172,"column":0},"end":{"line":172,"column":79}},"172":{"start":{"line":173,"column":0},"end":{"line":173,"column":3}},"173":{"start":{"line":174,"column":0},"end":{"line":174,"column":29}},"174":{"start":{"line":175,"column":0},"end":{"line":175,"column":35}},"175":{"start":{"line":176,"column":0},"end":{"line":176,"column":38}},"176":{"start":{"line":177,"column":0},"end":{"line":177,"column":24}},"177":{"start":{"line":178,"column":0},"end":{"line":178,"column":13}},"178":{"start":{"line":179,"column":0},"end":{"line":179,"column":1}},"180":{"start":{"line":181,"column":0},"end":{"line":181,"column":115}},"181":{"start":{"line":182,"column":0},"end":{"line":182,"column":41}},"182":{"start":{"line":183,"column":0},"end":{"line":183,"column":10}},"183":{"start":{"line":184,"column":0},"end":{"line":184,"column":10}},"184":{"start":{"line":185,"column":0},"end":{"line":185,"column":3}},"185":{"start":{"line":186,"column":0},"end":{"line":186,"column":65}},"186":{"start":{"line":187,"column":0},"end":{"line":187,"column":1}}},"s":{"0":1,"1":1,"3":1,"31":1,"32":1,"33":1,"34":0,"35":0,"36":0,"37":0,"38":0,"39":0,"40":0,"41":0,"42":0,"43":1,"45":1,"47":0,"48":0,"49":0,"50":0,"51":0,"52":0,"53":0,"54":0,"55":0,"56":0,"57":0,"58":0,"59":0,"60":0,"61":0,"62":0,"63":0,"65":0,"66":0,"67":0,"69":0,"70":0,"71":0,"72":0,"73":0,"75":1,"76":4,"77":4,"79":3,"80":3,"81":3,"82":3,"83":3,"85":4,"86":4,"87":4,"88":2,"89":2,"90":2,"91":2,"92":4,"94":1,"95":1,"96":1,"97":0,"98":0,"99":1,"100":1,"101":1,"102":1,"103":1,"104":1,"105":1,"107":0,"108":0,"109":0,"110":0,"111":0,"112":0,"113":0,"114":0,"115":0,"116":0,"117":0,"118":0,"119":0,"120":0,"121":0,"122":0,"123":0,"124":0,"126":0,"127":0,"128":0,"129":0,"130":0,"131":0,"132":0,"133":0,"134":0,"135":0,"136":0,"137":0,"138":0,"139":0,"140":0,"141":0,"142":0,"143":0,"144":0,"145":0,"146":0,"147":0,"148":0,"149":0,"150":0,"151":0,"152":0,"153":0,"154":0,"155":0,"156":0,"157":0,"158":0,"159":0,"160":0,"161":0,"162":0,"163":0,"164":0,"165":0,"166":0,"167":0,"168":0,"169":0,"170":0,"171":0,"172":0,"173":0,"174":0,"175":0,"176":0,"177":0,"178":0,"180":1,"181":5,"182":3,"183":3,"184":3,"185":2,"186":2},"branchMap":{"0":{"type":"branch","line":33,"loc":{"start":{"line":33,"column":51},"end":{"line":33,"column":95}},"locations":[{"start":{"line":33,"column":51},"end":{"line":33,"column":95}}]},"1":{"type":"branch","line":33,"loc":{"start":{"line":33,"column":78},"end":{"line":34,"column":36}},"locations":[{"start":{"line":33,"column":78},"end":{"line":34,"column":36}}]},"2":{"type":"branch","line":34,"loc":{"start":{"line":34,"column":14},"end":{"line":34,"column":65}},"locations":[{"start":{"line":34,"column":14},"end":{"line":34,"column":65}}]},"3":{"type":"branch","line":34,"loc":{"start":{"line":34,"column":48},"end":{"line":43,"column":5}},"locations":[{"start":{"line":34,"column":48},"end":{"line":43,"column":5}}]},"4":{"type":"branch","line":76,"loc":{"start":{"line":76,"column":7},"end":{"line":78,"column":1}},"locations":[{"start":{"line":76,"column":7},"end":{"line":78,"column":1}}]},"5":{"type":"branch","line":80,"loc":{"start":{"line":80,"column":0},"end":{"line":84,"column":1}},"locations":[{"start":{"line":80,"column":0},"end":{"line":84,"column":1}}]},"6":{"type":"branch","line":86,"loc":{"start":{"line":86,"column":0},"end":{"line":93,"column":1}},"locations":[{"start":{"line":86,"column":0},"end":{"line":93,"column":1}}]},"7":{"type":"branch","line":88,"loc":{"start":{"line":88,"column":7},"end":{"line":88,"column":32}},"locations":[{"start":{"line":88,"column":7},"end":{"line":88,"column":32}}]},"8":{"type":"branch","line":88,"loc":{"start":{"line":88,"column":32},"end":{"line":92,"column":86}},"locations":[{"start":{"line":88,"column":32},"end":{"line":92,"column":86}}]},"9":{"type":"branch","line":95,"loc":{"start":{"line":95,"column":7},"end":{"line":106,"column":1}},"locations":[{"start":{"line":95,"column":7},"end":{"line":106,"column":1}}]},"10":{"type":"branch","line":97,"loc":{"start":{"line":97,"column":6},"end":{"line":97,"column":47}},"locations":[{"start":{"line":97,"column":6},"end":{"line":97,"column":47}}]},"11":{"type":"branch","line":97,"loc":{"start":{"line":97,"column":47},"end":{"line":99,"column":3}},"locations":[{"start":{"line":97,"column":47},"end":{"line":99,"column":3}}]},"12":{"type":"branch","line":181,"loc":{"start":{"line":181,"column":7},"end":{"line":187,"column":1}},"locations":[{"start":{"line":181,"column":7},"end":{"line":187,"column":1}}]},"13":{"type":"branch","line":182,"loc":{"start":{"line":182,"column":40},"end":{"line":185,"column":3}},"locations":[{"start":{"line":182,"column":40},"end":{"line":185,"column":3}}]},"14":{"type":"branch","line":185,"loc":{"start":{"line":185,"column":2},"end":{"line":187,"column":1}},"locations":[{"start":{"line":185,"column":2},"end":{"line":187,"column":1}}]}},"b":{"0":[0],"1":[0],"2":[0],"3":[0],"4":[4],"5":[3],"6":[4],"7":[2],"8":[2],"9":[1],"10":[0],"11":[0],"12":[5],"13":[3],"14":[2]},"fnMap":{"0":{"name":"getConfiguration","decl":{"start":{"line":48,"column":0},"end":{"line":64,"column":1}},"loc":{"start":{"line":48,"column":0},"end":{"line":64,"column":1}},"line":48},"1":{"name":"base64Url","decl":{"start":{"line":66,"column":0},"end":{"line":68,"column":1}},"loc":{"start":{"line":66,"column":0},"end":{"line":68,"column":1}},"line":66},"2":{"name":"createPkce","decl":{"start":{"line":70,"column":0},"end":{"line":74,"column":1}},"loc":{"start":{"line":70,"column":0},"end":{"line":74,"column":1}},"line":70},"3":{"name":"authConfigured","decl":{"start":{"line":76,"column":7},"end":{"line":78,"column":1}},"loc":{"start":{"line":76,"column":7},"end":{"line":78,"column":1}},"line":76},"4":{"name":"hashPassword","decl":{"start":{"line":80,"column":0},"end":{"line":84,"column":1}},"loc":{"start":{"line":80,"column":0},"end":{"line":84,"column":1}},"line":80},"5":{"name":"verifyPassword","decl":{"start":{"line":86,"column":0},"end":{"line":93,"column":1}},"loc":{"start":{"line":86,"column":0},"end":{"line":93,"column":1}},"line":86},"6":{"name":"sessionMiddleware","decl":{"start":{"line":95,"column":7},"end":{"line":106,"column":1}},"loc":{"start":{"line":95,"column":7},"end":{"line":106,"column":1}},"line":95},"7":{"name":"startLogin","decl":{"start":{"line":108,"column":0},"end":{"line":125,"column":1}},"loc":{"start":{"line":108,"column":0},"end":{"line":125,"column":1}},"line":108},"8":{"name":"completeLogin","decl":{"start":{"line":127,"column":0},"end":{"line":179,"column":1}},"loc":{"start":{"line":127,"column":0},"end":{"line":179,"column":1}},"line":127},"9":{"name":"requireAuth","decl":{"start":{"line":181,"column":7},"end":{"line":187,"column":1}},"loc":{"start":{"line":181,"column":7},"end":{"line":187,"column":1}},"line":181}},"f":{"0":0,"1":0,"2":0,"3":4,"4":3,"5":4,"6":1,"7":0,"8":0,"9":5}}
,"D:\\Perso\\VSC\\Print-tracker.worktrees\\ajout-tests-automatiques-complets\\server\\index.ts": {"path":"D:\\Perso\\VSC\\Print-tracker.worktrees\\ajout-tests-automatiques-complets\\server\\index.ts","all":false,"statementMap":{"0":{"start":{"line":1,"column":0},"end":{"line":1,"column":22}},"1":{"start":{"line":2,"column":0},"end":{"line":2,"column":23}},"2":{"start":{"line":3,"column":0},"end":{"line":3,"column":29}},"3":{"start":{"line":4,"column":0},"end":{"line":4,"column":25}},"4":{"start":{"line":5,"column":0},"end":{"line":5,"column":28}},"5":{"start":{"line":6,"column":0},"end":{"line":6,"column":40}},"6":{"start":{"line":7,"column":0},"end":{"line":7,"column":131}},"8":{"start":{"line":9,"column":0},"end":{"line":9,"column":45}},"9":{"start":{"line":10,"column":0},"end":{"line":10,"column":42}},"10":{"start":{"line":11,"column":0},"end":{"line":11,"column":114}},"11":{"start":{"line":12,"column":0},"end":{"line":12,"column":84}},"12":{"start":{"line":13,"column":0},"end":{"line":13,"column":56}},"14":{"start":{"line":15,"column":0},"end":{"line":15,"column":28}},"16":{"start":{"line":17,"column":0},"end":{"line":17,"column":56}},"17":{"start":{"line":18,"column":0},"end":{"line":18,"column":17}},"18":{"start":{"line":19,"column":0},"end":{"line":19,"column":1}},"20":{"start":{"line":21,"column":0},"end":{"line":21,"column":25}},"21":{"start":{"line":22,"column":0},"end":{"line":22,"column":15}},"22":{"start":{"line":23,"column":0},"end":{"line":23,"column":28}},"23":{"start":{"line":24,"column":0},"end":{"line":24,"column":23}},"25":{"start":{"line":26,"column":0},"end":{"line":26,"column":134}},"26":{"start":{"line":27,"column":0},"end":{"line":27,"column":59}},"27":{"start":{"line":28,"column":0},"end":{"line":28,"column":75}},"28":{"start":{"line":29,"column":0},"end":{"line":29,"column":2}},"29":{"start":{"line":30,"column":0},"end":{"line":30,"column":62}},"30":{"start":{"line":31,"column":0},"end":{"line":31,"column":7}},"31":{"start":{"line":32,"column":0},"end":{"line":32,"column":55}},"32":{"start":{"line":33,"column":0},"end":{"line":33,"column":23}},"33":{"start":{"line":34,"column":0},"end":{"line":34,"column":23}},"34":{"start":{"line":35,"column":0},"end":{"line":35,"column":100}},"37":{"start":{"line":38,"column":0},"end":{"line":38,"column":99}},"38":{"start":{"line":39,"column":0},"end":{"line":39,"column":7}},"39":{"start":{"line":40,"column":0},"end":{"line":40,"column":5}},"40":{"start":{"line":41,"column":0},"end":{"line":41,"column":33}},"41":{"start":{"line":42,"column":0},"end":{"line":42,"column":2}},"42":{"start":{"line":43,"column":0},"end":{"line":43,"column":143}},"43":{"start":{"line":44,"column":0},"end":{"line":44,"column":49}},"44":{"start":{"line":45,"column":0},"end":{"line":45,"column":38}},"45":{"start":{"line":46,"column":0},"end":{"line":46,"column":83}},"46":{"start":{"line":47,"column":0},"end":{"line":47,"column":39}},"47":{"start":{"line":48,"column":0},"end":{"line":48,"column":30}},"48":{"start":{"line":49,"column":0},"end":{"line":49,"column":4}},"49":{"start":{"line":50,"column":0},"end":{"line":50,"column":2}},"51":{"start":{"line":52,"column":0},"end":{"line":52,"column":63}},"52":{"start":{"line":53,"column":0},"end":{"line":53,"column":42}},"53":{"start":{"line":54,"column":0},"end":{"line":54,"column":25}},"54":{"start":{"line":55,"column":0},"end":{"line":55,"column":81}},"55":{"start":{"line":56,"column":0},"end":{"line":56,"column":83}},"56":{"start":{"line":57,"column":0},"end":{"line":57,"column":61}},"57":{"start":{"line":58,"column":0},"end":{"line":58,"column":63}},"58":{"start":{"line":59,"column":0},"end":{"line":59,"column":86}},"59":{"start":{"line":60,"column":0},"end":{"line":60,"column":12}},"60":{"start":{"line":61,"column":0},"end":{"line":61,"column":5}},"61":{"start":{"line":62,"column":0},"end":{"line":62,"column":9}},"62":{"start":{"line":63,"column":0},"end":{"line":63,"column":55}},"63":{"start":{"line":64,"column":0},"end":{"line":64,"column":98}},"64":{"start":{"line":65,"column":0},"end":{"line":65,"column":73}},"67":{"start":{"line":68,"column":0},"end":{"line":68,"column":119}},"68":{"start":{"line":69,"column":0},"end":{"line":69,"column":7}},"69":{"start":{"line":70,"column":0},"end":{"line":70,"column":33}},"70":{"start":{"line":71,"column":0},"end":{"line":71,"column":117}},"71":{"start":{"line":72,"column":0},"end":{"line":72,"column":63}},"72":{"start":{"line":73,"column":0},"end":{"line":73,"column":21}},"73":{"start":{"line":74,"column":0},"end":{"line":74,"column":103}},"74":{"start":{"line":75,"column":0},"end":{"line":75,"column":94}},"75":{"start":{"line":76,"column":0},"end":{"line":76,"column":14}},"76":{"start":{"line":77,"column":0},"end":{"line":77,"column":7}},"77":{"start":{"line":78,"column":0},"end":{"line":78,"column":17}},"78":{"start":{"line":79,"column":0},"end":{"line":79,"column":5}},"79":{"start":{"line":80,"column":0},"end":{"line":80,"column":2}},"81":{"start":{"line":82,"column":0},"end":{"line":82,"column":60}},"82":{"start":{"line":83,"column":0},"end":{"line":83,"column":42}},"83":{"start":{"line":84,"column":0},"end":{"line":84,"column":25}},"84":{"start":{"line":85,"column":0},"end":{"line":85,"column":76}},"85":{"start":{"line":86,"column":0},"end":{"line":86,"column":108}},"86":{"start":{"line":87,"column":0},"end":{"line":87,"column":68}},"87":{"start":{"line":88,"column":0},"end":{"line":88,"column":12}},"88":{"start":{"line":89,"column":0},"end":{"line":89,"column":5}},"89":{"start":{"line":90,"column":0},"end":{"line":90,"column":9}},"90":{"start":{"line":91,"column":0},"end":{"line":91,"column":128}},"91":{"start":{"line":92,"column":0},"end":{"line":92,"column":61}},"94":{"start":{"line":95,"column":0},"end":{"line":95,"column":28}},"95":{"start":{"line":96,"column":0},"end":{"line":96,"column":7}},"96":{"start":{"line":97,"column":0},"end":{"line":97,"column":36}},"97":{"start":{"line":98,"column":0},"end":{"line":98,"column":96}},"98":{"start":{"line":99,"column":0},"end":{"line":99,"column":70}},"99":{"start":{"line":100,"column":0},"end":{"line":100,"column":14}},"100":{"start":{"line":101,"column":0},"end":{"line":101,"column":7}},"101":{"start":{"line":102,"column":0},"end":{"line":102,"column":126}},"102":{"start":{"line":103,"column":0},"end":{"line":103,"column":51}},"103":{"start":{"line":104,"column":0},"end":{"line":104,"column":21}},"104":{"start":{"line":105,"column":0},"end":{"line":105,"column":17}},"105":{"start":{"line":106,"column":0},"end":{"line":106,"column":5}},"106":{"start":{"line":107,"column":0},"end":{"line":107,"column":2}},"108":{"start":{"line":109,"column":0},"end":{"line":109,"column":63}},"109":{"start":{"line":110,"column":0},"end":{"line":110,"column":14}},"110":{"start":{"line":111,"column":0},"end":{"line":111,"column":74}},"111":{"start":{"line":112,"column":0},"end":{"line":112,"column":15}},"112":{"start":{"line":113,"column":0},"end":{"line":113,"column":3}},"113":{"start":{"line":114,"column":0},"end":{"line":114,"column":13}},"114":{"start":{"line":115,"column":0},"end":{"line":115,"column":1}},"116":{"start":{"line":117,"column":0},"end":{"line":117,"column":50}},"117":{"start":{"line":118,"column":0},"end":{"line":118,"column":14}},"118":{"start":{"line":119,"column":0},"end":{"line":119,"column":74}},"119":{"start":{"line":120,"column":0},"end":{"line":120,"column":10}},"120":{"start":{"line":121,"column":0},"end":{"line":121,"column":3}},"122":{"start":{"line":123,"column":0},"end":{"line":123,"column":7}},"123":{"start":{"line":124,"column":0},"end":{"line":124,"column":32}},"124":{"start":{"line":125,"column":0},"end":{"line":125,"column":51}},"125":{"start":{"line":126,"column":0},"end":{"line":126,"column":19}},"126":{"start":{"line":127,"column":0},"end":{"line":127,"column":142}},"127":{"start":{"line":128,"column":0},"end":{"line":128,"column":3}},"128":{"start":{"line":129,"column":0},"end":{"line":129,"column":2}},"130":{"start":{"line":131,"column":0},"end":{"line":131,"column":117}},"131":{"start":{"line":132,"column":0},"end":{"line":132,"column":56}},"132":{"start":{"line":133,"column":0},"end":{"line":133,"column":14}},"133":{"start":{"line":134,"column":0},"end":{"line":134,"column":74}},"134":{"start":{"line":135,"column":0},"end":{"line":135,"column":10}},"135":{"start":{"line":136,"column":0},"end":{"line":136,"column":3}},"137":{"start":{"line":138,"column":0},"end":{"line":138,"column":7}},"138":{"start":{"line":139,"column":0},"end":{"line":139,"column":37}},"142":{"start":{"line":143,"column":0},"end":{"line":143,"column":6}},"143":{"start":{"line":144,"column":0},"end":{"line":144,"column":30}},"144":{"start":{"line":145,"column":0},"end":{"line":145,"column":19}},"145":{"start":{"line":146,"column":0},"end":{"line":146,"column":108}},"146":{"start":{"line":147,"column":0},"end":{"line":147,"column":3}},"147":{"start":{"line":148,"column":0},"end":{"line":148,"column":2}},"149":{"start":{"line":150,"column":0},"end":{"line":150,"column":54}},"150":{"start":{"line":151,"column":0},"end":{"line":151,"column":40}},"151":{"start":{"line":152,"column":0},"end":{"line":152,"column":23}},"153":{"start":{"line":154,"column":0},"end":{"line":154,"column":7}},"154":{"start":{"line":155,"column":0},"end":{"line":155,"column":41}},"159":{"start":{"line":160,"column":0},"end":{"line":160,"column":6}},"160":{"start":{"line":161,"column":0},"end":{"line":161,"column":30}},"161":{"start":{"line":162,"column":0},"end":{"line":162,"column":19}},"162":{"start":{"line":163,"column":0},"end":{"line":163,"column":106}},"163":{"start":{"line":164,"column":0},"end":{"line":164,"column":3}},"164":{"start":{"line":165,"column":0},"end":{"line":165,"column":2}},"166":{"start":{"line":167,"column":0},"end":{"line":167,"column":54}},"167":{"start":{"line":168,"column":0},"end":{"line":168,"column":40}},"168":{"start":{"line":169,"column":0},"end":{"line":169,"column":23}},"169":{"start":{"line":170,"column":0},"end":{"line":170,"column":136}},"170":{"start":{"line":171,"column":0},"end":{"line":171,"column":103}},"171":{"start":{"line":172,"column":0},"end":{"line":172,"column":87}},"172":{"start":{"line":173,"column":0},"end":{"line":173,"column":99}},"173":{"start":{"line":174,"column":0},"end":{"line":174,"column":97}},"174":{"start":{"line":175,"column":0},"end":{"line":175,"column":62}},"175":{"start":{"line":176,"column":0},"end":{"line":176,"column":10}},"176":{"start":{"line":177,"column":0},"end":{"line":177,"column":3}},"178":{"start":{"line":179,"column":0},"end":{"line":179,"column":7}},"179":{"start":{"line":180,"column":0},"end":{"line":180,"column":40}},"180":{"start":{"line":181,"column":0},"end":{"line":181,"column":114}},"183":{"start":{"line":184,"column":0},"end":{"line":184,"column":136}},"184":{"start":{"line":185,"column":0},"end":{"line":185,"column":118}},"185":{"start":{"line":186,"column":0},"end":{"line":186,"column":5}},"186":{"start":{"line":187,"column":0},"end":{"line":187,"column":45}},"187":{"start":{"line":188,"column":0},"end":{"line":188,"column":19}},"188":{"start":{"line":189,"column":0},"end":{"line":189,"column":107}},"189":{"start":{"line":190,"column":0},"end":{"line":190,"column":3}},"190":{"start":{"line":191,"column":0},"end":{"line":191,"column":2}},"192":{"start":{"line":193,"column":0},"end":{"line":193,"column":59}},"193":{"start":{"line":194,"column":0},"end":{"line":194,"column":40}},"194":{"start":{"line":195,"column":0},"end":{"line":195,"column":23}},"195":{"start":{"line":196,"column":0},"end":{"line":196,"column":98}},"196":{"start":{"line":197,"column":0},"end":{"line":197,"column":138}},"197":{"start":{"line":198,"column":0},"end":{"line":198,"column":65}},"198":{"start":{"line":199,"column":0},"end":{"line":199,"column":59}},"199":{"start":{"line":200,"column":0},"end":{"line":200,"column":71}},"200":{"start":{"line":201,"column":0},"end":{"line":201,"column":64}},"201":{"start":{"line":202,"column":0},"end":{"line":202,"column":10}},"202":{"start":{"line":203,"column":0},"end":{"line":203,"column":3}},"204":{"start":{"line":205,"column":0},"end":{"line":205,"column":7}},"205":{"start":{"line":206,"column":0},"end":{"line":206,"column":40}},"206":{"start":{"line":207,"column":0},"end":{"line":207,"column":20}},"213":{"start":{"line":214,"column":0},"end":{"line":214,"column":79}},"214":{"start":{"line":215,"column":0},"end":{"line":215,"column":125}},"215":{"start":{"line":216,"column":0},"end":{"line":216,"column":5}},"216":{"start":{"line":217,"column":0},"end":{"line":217,"column":32}},"217":{"start":{"line":218,"column":0},"end":{"line":218,"column":61}},"218":{"start":{"line":219,"column":0},"end":{"line":219,"column":12}},"219":{"start":{"line":220,"column":0},"end":{"line":220,"column":5}},"220":{"start":{"line":221,"column":0},"end":{"line":221,"column":33}},"221":{"start":{"line":222,"column":0},"end":{"line":222,"column":19}},"222":{"start":{"line":223,"column":0},"end":{"line":223,"column":107}},"223":{"start":{"line":224,"column":0},"end":{"line":224,"column":3}},"224":{"start":{"line":225,"column":0},"end":{"line":225,"column":2}},"226":{"start":{"line":227,"column":0},"end":{"line":227,"column":60}},"227":{"start":{"line":228,"column":0},"end":{"line":228,"column":40}},"228":{"start":{"line":229,"column":0},"end":{"line":229,"column":23}},"229":{"start":{"line":230,"column":0},"end":{"line":230,"column":7}},"230":{"start":{"line":231,"column":0},"end":{"line":231,"column":40}},"231":{"start":{"line":232,"column":0},"end":{"line":232,"column":97}},"232":{"start":{"line":233,"column":0},"end":{"line":233,"column":26}},"233":{"start":{"line":234,"column":0},"end":{"line":234,"column":5}},"234":{"start":{"line":235,"column":0},"end":{"line":235,"column":32}},"235":{"start":{"line":236,"column":0},"end":{"line":236,"column":61}},"236":{"start":{"line":237,"column":0},"end":{"line":237,"column":12}},"237":{"start":{"line":238,"column":0},"end":{"line":238,"column":5}},"238":{"start":{"line":239,"column":0},"end":{"line":239,"column":30}},"239":{"start":{"line":240,"column":0},"end":{"line":240,"column":19}},"240":{"start":{"line":241,"column":0},"end":{"line":241,"column":108}},"241":{"start":{"line":242,"column":0},"end":{"line":242,"column":3}},"242":{"start":{"line":243,"column":0},"end":{"line":243,"column":2}},"244":{"start":{"line":245,"column":0},"end":{"line":245,"column":42}},"245":{"start":{"line":246,"column":0},"end":{"line":246,"column":67}},"246":{"start":{"line":247,"column":0},"end":{"line":247,"column":63}},"247":{"start":{"line":248,"column":0},"end":{"line":248,"column":2}},"249":{"start":{"line":250,"column":0},"end":{"line":250,"column":90}},"250":{"start":{"line":251,"column":0},"end":{"line":251,"column":32}},"251":{"start":{"line":252,"column":0},"end":{"line":252,"column":68}},"252":{"start":{"line":253,"column":0},"end":{"line":253,"column":4}},"253":{"start":{"line":254,"column":0},"end":{"line":254,"column":1}}},"s":{"0":1,"1":1,"2":1,"3":1,"4":1,"5":1,"6":1,"8":1,"9":1,"10":1,"11":1,"12":1,"14":1,"16":1,"17":7,"18":7,"20":1,"21":1,"22":1,"23":1,"25":1,"26":1,"27":0,"28":0,"29":1,"30":0,"31":0,"32":0,"33":0,"34":0,"37":0,"38":0,"39":0,"40":0,"41":0,"42":1,"43":1,"44":0,"45":0,"46":0,"47":0,"48":0,"49":0,"51":1,"52":3,"53":3,"54":2,"55":2,"56":2,"57":3,"58":0,"59":0,"60":0,"61":2,"62":2,"63":2,"64":2,"67":3,"68":3,"69":2,"70":3,"71":3,"72":3,"73":0,"74":0,"75":0,"76":0,"77":0,"78":0,"79":3,"81":1,"82":0,"83":0,"84":0,"85":0,"86":0,"87":0,"88":0,"89":0,"90":0,"91":0,"94":0,"95":0,"96":0,"97":0,"98":0,"99":0,"100":0,"101":0,"102":0,"103":0,"104":0,"105":0,"106":0,"108":6,"109":6,"110":1,"111":1,"112":1,"113":5,"114":5,"116":1,"117":1,"118":1,"119":1,"120":1,"122":0,"123":0,"124":0,"125":0,"126":0,"127":0,"128":1,"130":1,"131":1,"132":0,"133":0,"134":0,"135":0,"137":0,"138":0,"142":0,"143":0,"144":0,"145":0,"146":0,"147":0,"149":1,"150":1,"151":1,"153":1,"154":1,"159":1,"160":1,"161":1,"162":0,"163":0,"164":1,"166":1,"167":1,"168":1,"169":1,"170":1,"171":1,"172":1,"173":1,"174":1,"175":1,"176":1,"178":0,"179":0,"180":0,"183":1,"184":1,"185":1,"186":0,"187":0,"188":0,"189":0,"190":1,"192":1,"193":1,"194":1,"195":1,"196":1,"197":0,"198":0,"199":1,"200":1,"201":1,"202":1,"204":0,"205":0,"206":0,"213":1,"214":1,"215":1,"216":0,"217":0,"218":0,"219":0,"220":0,"221":0,"222":0,"223":0,"224":1,"226":1,"227":0,"228":0,"229":0,"230":0,"231":0,"232":0,"233":0,"234":0,"235":0,"236":0,"237":0,"238":0,"239":0,"240":0,"241":0,"242":0,"244":1,"245":1,"246":0,"247":0,"249":1,"250":0,"251":0,"252":0,"253":0},"branchMap":{"0":{"type":"branch","line":11,"loc":{"start":{"line":11,"column":36},"end":{"line":11,"column":110}},"locations":[{"start":{"line":11,"column":36},"end":{"line":11,"column":110}}]},"1":{"type":"branch","line":250,"loc":{"start":{"line":250,"column":89},"end":{"line":254,"column":1}},"locations":[{"start":{"line":250,"column":89},"end":{"line":254,"column":1}}]},"2":{"type":"branch","line":17,"loc":{"start":{"line":17,"column":7},"end":{"line":19,"column":1}},"locations":[{"start":{"line":17,"column":7},"end":{"line":19,"column":1}}]},"3":{"type":"branch","line":52,"loc":{"start":{"line":52,"column":27},"end":{"line":80,"column":2}},"locations":[{"start":{"line":52,"column":27},"end":{"line":80,"column":2}}]},"4":{"type":"branch","line":54,"loc":{"start":{"line":54,"column":19},"end":{"line":54,"column":25}},"locations":[{"start":{"line":54,"column":19},"end":{"line":54,"column":25}}]},"5":{"type":"branch","line":54,"loc":{"start":{"line":54,"column":19},"end":{"line":56,"column":83}},"locations":[{"start":{"line":54,"column":19},"end":{"line":56,"column":83}}]},"6":{"type":"branch","line":56,"loc":{"start":{"line":56,"column":79},"end":{"line":57,"column":61}},"locations":[{"start":{"line":56,"column":79},"end":{"line":57,"column":61}}]},"7":{"type":"branch","line":57,"loc":{"start":{"line":57,"column":19},"end":{"line":57,"column":61}},"locations":[{"start":{"line":57,"column":19},"end":{"line":57,"column":61}}]},"8":{"type":"branch","line":57,"loc":{"start":{"line":57,"column":49},"end":{"line":58,"column":40}},"locations":[{"start":{"line":57,"column":49},"end":{"line":58,"column":40}}]},"9":{"type":"branch","line":58,"loc":{"start":{"line":58,"column":28},"end":{"line":58,"column":62}},"locations":[{"start":{"line":58,"column":28},"end":{"line":58,"column":62}}]},"10":{"type":"branch","line":58,"loc":{"start":{"line":58,"column":62},"end":{"line":61,"column":5}},"locations":[{"start":{"line":58,"column":62},"end":{"line":61,"column":5}}]},"11":{"type":"branch","line":61,"loc":{"start":{"line":61,"column":4},"end":{"line":68,"column":55}},"locations":[{"start":{"line":61,"column":4},"end":{"line":68,"column":55}}]},"12":{"type":"branch","line":68,"loc":{"start":{"line":68,"column":43},"end":{"line":68,"column":70}},"locations":[{"start":{"line":68,"column":43},"end":{"line":68,"column":70}}]},"13":{"type":"branch","line":68,"loc":{"start":{"line":68,"column":66},"end":{"line":68,"column":99}},"locations":[{"start":{"line":68,"column":66},"end":{"line":68,"column":99}}]},"14":{"type":"branch","line":68,"loc":{"start":{"line":68,"column":95},"end":{"line":68,"column":105}},"locations":[{"start":{"line":68,"column":95},"end":{"line":68,"column":105}}]},"15":{"type":"branch","line":69,"loc":{"start":{"line":69,"column":6},"end":{"line":71,"column":116}},"locations":[{"start":{"line":69,"column":6},"end":{"line":71,"column":116}}]},"16":{"type":"branch","line":73,"loc":{"start":{"line":73,"column":4},"end":{"line":79,"column":5}},"locations":[{"start":{"line":73,"column":4},"end":{"line":79,"column":5}}]},"17":{"type":"branch","line":109,"loc":{"start":{"line":109,"column":0},"end":{"line":115,"column":1}},"locations":[{"start":{"line":109,"column":0},"end":{"line":115,"column":1}}]},"18":{"type":"branch","line":110,"loc":{"start":{"line":110,"column":13},"end":{"line":113,"column":3}},"locations":[{"start":{"line":110,"column":13},"end":{"line":113,"column":3}}]},"19":{"type":"branch","line":113,"loc":{"start":{"line":113,"column":2},"end":{"line":115,"column":1}},"locations":[{"start":{"line":113,"column":2},"end":{"line":115,"column":1}}]},"20":{"type":"branch","line":117,"loc":{"start":{"line":117,"column":19},"end":{"line":129,"column":2}},"locations":[{"start":{"line":117,"column":19},"end":{"line":129,"column":2}}]},"21":{"type":"branch","line":121,"loc":{"start":{"line":121,"column":2},"end":{"line":128,"column":3}},"locations":[{"start":{"line":121,"column":2},"end":{"line":128,"column":3}}]},"22":{"type":"branch","line":131,"loc":{"start":{"line":131,"column":16},"end":{"line":131,"column":116}},"locations":[{"start":{"line":131,"column":16},"end":{"line":131,"column":116}}]},"23":{"type":"branch","line":150,"loc":{"start":{"line":150,"column":23},"end":{"line":165,"column":2}},"locations":[{"start":{"line":150,"column":23},"end":{"line":165,"column":2}}]},"24":{"type":"branch","line":152,"loc":{"start":{"line":152,"column":17},"end":{"line":152,"column":23}},"locations":[{"start":{"line":152,"column":17},"end":{"line":152,"column":23}}]},"25":{"type":"branch","line":162,"loc":{"start":{"line":162,"column":2},"end":{"line":164,"column":3}},"locations":[{"start":{"line":162,"column":2},"end":{"line":164,"column":3}}]},"26":{"type":"branch","line":167,"loc":{"start":{"line":167,"column":24},"end":{"line":191,"column":2}},"locations":[{"start":{"line":167,"column":24},"end":{"line":191,"column":2}}]},"27":{"type":"branch","line":169,"loc":{"start":{"line":169,"column":17},"end":{"line":169,"column":23}},"locations":[{"start":{"line":169,"column":17},"end":{"line":169,"column":23}}]},"28":{"type":"branch","line":177,"loc":{"start":{"line":177,"column":2},"end":{"line":184,"column":131}},"locations":[{"start":{"line":177,"column":2},"end":{"line":184,"column":131}}]},"29":{"type":"branch","line":184,"loc":{"start":{"line":184,"column":127},"end":{"line":184,"column":136}},"locations":[{"start":{"line":184,"column":127},"end":{"line":184,"column":136}}]},"30":{"type":"branch","line":185,"loc":{"start":{"line":185,"column":25},"end":{"line":185,"column":51}},"locations":[{"start":{"line":185,"column":25},"end":{"line":185,"column":51}}]},"31":{"type":"branch","line":185,"loc":{"start":{"line":185,"column":47},"end":{"line":185,"column":57}},"locations":[{"start":{"line":185,"column":47},"end":{"line":185,"column":57}}]},"32":{"type":"branch","line":185,"loc":{"start":{"line":185,"column":80},"end":{"line":185,"column":112}},"locations":[{"start":{"line":185,"column":80},"end":{"line":185,"column":112}}]},"33":{"type":"branch","line":185,"loc":{"start":{"line":185,"column":108},"end":{"line":185,"column":116}},"locations":[{"start":{"line":185,"column":108},"end":{"line":185,"column":116}}]},"34":{"type":"branch","line":186,"loc":{"start":{"line":186,"column":4},"end":{"line":190,"column":3}},"locations":[{"start":{"line":186,"column":4},"end":{"line":190,"column":3}}]},"35":{"type":"branch","line":193,"loc":{"start":{"line":193,"column":29},"end":{"line":225,"column":2}},"locations":[{"start":{"line":193,"column":29},"end":{"line":225,"column":2}}]},"36":{"type":"branch","line":195,"loc":{"start":{"line":195,"column":17},"end":{"line":195,"column":23}},"locations":[{"start":{"line":195,"column":17},"end":{"line":195,"column":23}}]},"37":{"type":"branch","line":197,"loc":{"start":{"line":197,"column":132},"end":{"line":198,"column":65}},"locations":[{"start":{"line":197,"column":132},"end":{"line":198,"column":65}}]},"38":{"type":"branch","line":198,"loc":{"start":{"line":198,"column":53},"end":{"line":199,"column":59}},"locations":[{"start":{"line":198,"column":53},"end":{"line":199,"column":59}}]},"39":{"type":"branch","line":199,"loc":{"start":{"line":199,"column":47},"end":{"line":200,"column":70}},"locations":[{"start":{"line":199,"column":47},"end":{"line":200,"column":70}}]},"40":{"type":"branch","line":203,"loc":{"start":{"line":203,"column":2},"end":{"line":214,"column":31}},"locations":[{"start":{"line":203,"column":2},"end":{"line":214,"column":31}}]},"41":{"type":"branch","line":214,"loc":{"start":{"line":214,"column":44},"end":{"line":214,"column":63}},"locations":[{"start":{"line":214,"column":44},"end":{"line":214,"column":63}}]},"42":{"type":"branch","line":214,"loc":{"start":{"line":214,"column":56},"end":{"line":214,"column":79}},"locations":[{"start":{"line":214,"column":56},"end":{"line":214,"column":79}}]},"43":{"type":"branch","line":215,"loc":{"start":{"line":215,"column":18},"end":{"line":215,"column":37}},"locations":[{"start":{"line":215,"column":18},"end":{"line":215,"column":37}}]},"44":{"type":"branch","line":215,"loc":{"start":{"line":215,"column":30},"end":{"line":215,"column":51}},"locations":[{"start":{"line":215,"column":30},"end":{"line":215,"column":51}}]},"45":{"type":"branch","line":215,"loc":{"start":{"line":215,"column":67},"end":{"line":215,"column":86}},"locations":[{"start":{"line":215,"column":67},"end":{"line":215,"column":86}}]},"46":{"type":"branch","line":215,"loc":{"start":{"line":215,"column":79},"end":{"line":215,"column":106}},"locations":[{"start":{"line":215,"column":79},"end":{"line":215,"column":106}}]},"47":{"type":"branch","line":216,"loc":{"start":{"line":216,"column":4},"end":{"line":224,"column":3}},"locations":[{"start":{"line":216,"column":4},"end":{"line":224,"column":3}}]}},"b":{"0":[0],"1":[0],"2":[7],"3":[3],"4":[1],"5":[2],"6":[2],"7":[0],"8":[2],"9":[2],"10":[0],"11":[2],"12":[0],"13":[0],"14":[2],"15":[2],"16":[0],"17":[6],"18":[1],"19":[5],"20":[1],"21":[0],"22":[4],"23":[1],"24":[0],"25":[0],"26":[1],"27":[0],"28":[0],"29":[0],"30":[0],"31":[0],"32":[0],"33":[0],"34":[0],"35":[1],"36":[0],"37":[0],"38":[0],"39":[0],"40":[0],"41":[0],"42":[0],"43":[0],"44":[0],"45":[0],"46":[0],"47":[0]},"fnMap":{"0":{"name":"setDatabasePool","decl":{"start":{"line":17,"column":7},"end":{"line":19,"column":1}},"loc":{"start":{"line":17,"column":7},"end":{"line":19,"column":1}},"line":17},"1":{"name":"requirePool","decl":{"start":{"line":109,"column":0},"end":{"line":115,"column":1}},"loc":{"start":{"line":109,"column":0},"end":{"line":115,"column":1}},"line":109}},"f":{"0":7,"1":6}}
,"D:\\Perso\\VSC\\Print-tracker.worktrees\\ajout-tests-automatiques-complets\\server\\migrate.ts": {"path":"D:\\Perso\\VSC\\Print-tracker.worktrees\\ajout-tests-automatiques-complets\\server\\migrate.ts","all":true,"statementMap":{"0":{"start":{"line":1,"column":0},"end":{"line":1,"column":22}},"1":{"start":{"line":2,"column":0},"end":{"line":2,"column":24}},"2":{"start":{"line":3,"column":0},"end":{"line":3,"column":28}},"3":{"start":{"line":4,"column":0},"end":{"line":4,"column":40}},"4":{"start":{"line":5,"column":0},"end":{"line":5,"column":25}},"6":{"start":{"line":7,"column":0},"end":{"line":7,"column":100}},"8":{"start":{"line":9,"column":0},"end":{"line":9,"column":23}},"9":{"start":{"line":10,"column":0},"end":{"line":10,"column":51}},"10":{"start":{"line":11,"column":0},"end":{"line":11,"column":26}},"11":{"start":{"line":12,"column":0},"end":{"line":12,"column":72}},"12":{"start":{"line":13,"column":0},"end":{"line":13,"column":19}},"13":{"start":{"line":14,"column":0},"end":{"line":14,"column":3}},"15":{"start":{"line":16,"column":0},"end":{"line":16,"column":45}},"17":{"start":{"line":18,"column":0},"end":{"line":18,"column":7}},"18":{"start":{"line":19,"column":0},"end":{"line":19,"column":22}},"23":{"start":{"line":24,"column":0},"end":{"line":24,"column":6}},"25":{"start":{"line":26,"column":0},"end":{"line":26,"column":53}},"26":{"start":{"line":27,"column":0},"end":{"line":27,"column":46}},"27":{"start":{"line":28,"column":0},"end":{"line":28,"column":13}},"29":{"start":{"line":30,"column":0},"end":{"line":30,"column":101}},"30":{"start":{"line":31,"column":0},"end":{"line":31,"column":60}},"32":{"start":{"line":33,"column":0},"end":{"line":33,"column":31}},"33":{"start":{"line":34,"column":0},"end":{"line":34,"column":37}},"35":{"start":{"line":36,"column":0},"end":{"line":36,"column":79}},"36":{"start":{"line":37,"column":0},"end":{"line":37,"column":41}},"37":{"start":{"line":38,"column":0},"end":{"line":38,"column":11}},"38":{"start":{"line":39,"column":0},"end":{"line":39,"column":35}},"39":{"start":{"line":40,"column":0},"end":{"line":40,"column":31}},"40":{"start":{"line":41,"column":0},"end":{"line":41,"column":90}},"41":{"start":{"line":42,"column":0},"end":{"line":42,"column":36}},"42":{"start":{"line":43,"column":0},"end":{"line":43,"column":48}},"43":{"start":{"line":44,"column":0},"end":{"line":44,"column":23}},"44":{"start":{"line":45,"column":0},"end":{"line":45,"column":38}},"45":{"start":{"line":46,"column":0},"end":{"line":46,"column":110}},"46":{"start":{"line":47,"column":0},"end":{"line":47,"column":17}},"47":{"start":{"line":48,"column":0},"end":{"line":48,"column":24}},"48":{"start":{"line":49,"column":0},"end":{"line":49,"column":7}},"49":{"start":{"line":50,"column":0},"end":{"line":50,"column":5}},"50":{"start":{"line":51,"column":0},"end":{"line":51,"column":13}},"51":{"start":{"line":52,"column":0},"end":{"line":52,"column":20}},"52":{"start":{"line":53,"column":0},"end":{"line":53,"column":3}},"53":{"start":{"line":54,"column":0},"end":{"line":54,"column":1}},"55":{"start":{"line":56,"column":0},"end":{"line":56,"column":25}},"56":{"start":{"line":57,"column":0},"end":{"line":57,"column":63}},"57":{"start":{"line":58,"column":0},"end":{"line":58,"column":17}},"58":{"start":{"line":59,"column":0},"end":{"line":59,"column":2}}},"s":{"0":0,"1":0,"2":0,"3":0,"4":0,"6":0,"8":0,"9":0,"10":0,"11":0,"12":0,"13":0,"15":0,"17":0,"18":0,"23":0,"25":0,"26":0,"27":0,"29":0,"30":0,"32":0,"33":0,"35":0,"36":0,"37":0,"38":0,"39":0,"40":0,"41":0,"42":0,"43":0,"44":0,"45":0,"46":0,"47":0,"48":0,"49":0,"50":0,"51":0,"52":0,"53":0,"55":0,"56":0,"57":0,"58":0},"branchMap":{"0":{"type":"branch","line":1,"loc":{"start":{"line":1,"column":0},"end":{"line":59,"column":-430}},"locations":[{"start":{"line":1,"column":0},"end":{"line":59,"column":-430}}]}},"b":{"0":[0]},"fnMap":{"0":{"name":"(empty-report)","decl":{"start":{"line":1,"column":0},"end":{"line":59,"column":-430}},"loc":{"start":{"line":1,"column":0},"end":{"line":59,"column":-430}},"line":1}},"f":{"0":0}}
,"D:\\Perso\\VSC\\Print-tracker.worktrees\\ajout-tests-automatiques-complets\\src\\App.tsx": {"path":"D:\\Perso\\VSC\\Print-tracker.worktrees\\ajout-tests-automatiques-complets\\src\\App.tsx","all":false,"statementMap":{"0":{"start":{"line":1,"column":0},"end":{"line":1,"column":43}},"2":{"start":{"line":3,"column":0},"end":{"line":3,"column":41}},"24":{"start":{"line":25,"column":0},"end":{"line":25,"column":29}},"25":{"start":{"line":26,"column":0},"end":{"line":26,"column":116}},"26":{"start":{"line":27,"column":0},"end":{"line":27,"column":85}},"27":{"start":{"line":28,"column":0},"end":{"line":28,"column":79}},"28":{"start":{"line":29,"column":0},"end":{"line":29,"column":1}},"30":{"start":{"line":31,"column":0},"end":{"line":31,"column":25}},"31":{"start":{"line":32,"column":0},"end":{"line":32,"column":121}},"32":{"start":{"line":33,"column":0},"end":{"line":33,"column":112}},"33":{"start":{"line":34,"column":0},"end":{"line":34,"column":121}},"34":{"start":{"line":35,"column":0},"end":{"line":35,"column":113}},"35":{"start":{"line":36,"column":0},"end":{"line":36,"column":1}},"37":{"start":{"line":38,"column":0},"end":{"line":38,"column":52}},"38":{"start":{"line":39,"column":0},"end":{"line":39,"column":28}},"39":{"start":{"line":40,"column":0},"end":{"line":40,"column":17}},"40":{"start":{"line":41,"column":0},"end":{"line":41,"column":24}},"41":{"start":{"line":42,"column":0},"end":{"line":42,"column":1}},"43":{"start":{"line":44,"column":0},"end":{"line":44,"column":51}},"44":{"start":{"line":45,"column":0},"end":{"line":45,"column":68}},"45":{"start":{"line":46,"column":0},"end":{"line":46,"column":1}},"47":{"start":{"line":48,"column":0},"end":{"line":48,"column":57}},"48":{"start":{"line":49,"column":0},"end":{"line":49,"column":10}},"49":{"start":{"line":50,"column":0},"end":{"line":50,"column":38}},"50":{"start":{"line":51,"column":0},"end":{"line":51,"column":41}},"51":{"start":{"line":52,"column":0},"end":{"line":52,"column":98}},"52":{"start":{"line":53,"column":0},"end":{"line":53,"column":13}},"53":{"start":{"line":54,"column":0},"end":{"line":54,"column":33}},"54":{"start":{"line":55,"column":0},"end":{"line":55,"column":32}},"55":{"start":{"line":56,"column":0},"end":{"line":56,"column":14}},"56":{"start":{"line":57,"column":0},"end":{"line":57,"column":105}},"57":{"start":{"line":58,"column":0},"end":{"line":58,"column":12}},"58":{"start":{"line":59,"column":0},"end":{"line":59,"column":40}},"59":{"start":{"line":60,"column":0},"end":{"line":60,"column":29}},"60":{"start":{"line":61,"column":0},"end":{"line":61,"column":104}},"61":{"start":{"line":62,"column":0},"end":{"line":62,"column":92}},"62":{"start":{"line":63,"column":0},"end":{"line":63,"column":48}},"63":{"start":{"line":64,"column":0},"end":{"line":64,"column":14}},"65":{"start":{"line":66,"column":0},"end":{"line":66,"column":39}},"66":{"start":{"line":67,"column":0},"end":{"line":67,"column":118}},"67":{"start":{"line":68,"column":0},"end":{"line":68,"column":83}},"68":{"start":{"line":69,"column":0},"end":{"line":69,"column":14}},"70":{"start":{"line":71,"column":0},"end":{"line":71,"column":14}},"72":{"start":{"line":73,"column":0},"end":{"line":73,"column":1}},"74":{"start":{"line":75,"column":0},"end":{"line":75,"column":48}},"75":{"start":{"line":76,"column":0},"end":{"line":76,"column":49}},"76":{"start":{"line":77,"column":0},"end":{"line":77,"column":40}},"77":{"start":{"line":78,"column":0},"end":{"line":78,"column":41}},"79":{"start":{"line":80,"column":0},"end":{"line":80,"column":60}},"80":{"start":{"line":81,"column":0},"end":{"line":81,"column":26}},"81":{"start":{"line":82,"column":0},"end":{"line":82,"column":16}},"82":{"start":{"line":83,"column":0},"end":{"line":83,"column":17}},"83":{"start":{"line":84,"column":0},"end":{"line":84,"column":72}},"84":{"start":{"line":85,"column":0},"end":{"line":85,"column":79}},"85":{"start":{"line":86,"column":0},"end":{"line":86,"column":21}},"86":{"start":{"line":87,"column":0},"end":{"line":87,"column":54}},"87":{"start":{"line":88,"column":0},"end":{"line":88,"column":35}},"88":{"start":{"line":89,"column":0},"end":{"line":89,"column":87}},"89":{"start":{"line":90,"column":0},"end":{"line":90,"column":72}},"90":{"start":{"line":91,"column":0},"end":{"line":91,"column":6}},"91":{"start":{"line":92,"column":0},"end":{"line":92,"column":23}},"92":{"start":{"line":93,"column":0},"end":{"line":93,"column":64}},"93":{"start":{"line":94,"column":0},"end":{"line":94,"column":66}},"94":{"start":{"line":95,"column":0},"end":{"line":95,"column":20}},"95":{"start":{"line":96,"column":0},"end":{"line":96,"column":12}},"96":{"start":{"line":97,"column":0},"end":{"line":97,"column":5}},"97":{"start":{"line":98,"column":0},"end":{"line":98,"column":28}},"98":{"start":{"line":99,"column":0},"end":{"line":99,"column":3}},"100":{"start":{"line":101,"column":0},"end":{"line":101,"column":65}},"101":{"start":{"line":102,"column":0},"end":{"line":102,"column":106}},"102":{"start":{"line":103,"column":0},"end":{"line":103,"column":77}},"103":{"start":{"line":104,"column":0},"end":{"line":104,"column":129}},"104":{"start":{"line":105,"column":0},"end":{"line":105,"column":50}},"105":{"start":{"line":106,"column":0},"end":{"line":106,"column":360}},"106":{"start":{"line":107,"column":0},"end":{"line":107,"column":196}},"107":{"start":{"line":108,"column":0},"end":{"line":108,"column":54}},"108":{"start":{"line":109,"column":0},"end":{"line":109,"column":121}},"109":{"start":{"line":110,"column":0},"end":{"line":110,"column":11}},"110":{"start":{"line":111,"column":0},"end":{"line":111,"column":182}},"111":{"start":{"line":112,"column":0},"end":{"line":112,"column":89}},"112":{"start":{"line":113,"column":0},"end":{"line":113,"column":14}},"113":{"start":{"line":114,"column":0},"end":{"line":114,"column":1}},"115":{"start":{"line":116,"column":0},"end":{"line":116,"column":23}},"116":{"start":{"line":117,"column":0},"end":{"line":117,"column":62}},"117":{"start":{"line":118,"column":0},"end":{"line":118,"column":177}},"119":{"start":{"line":120,"column":0},"end":{"line":120,"column":19}},"120":{"start":{"line":121,"column":0},"end":{"line":121,"column":106}},"121":{"start":{"line":122,"column":0},"end":{"line":122,"column":140}},"122":{"start":{"line":123,"column":0},"end":{"line":123,"column":81}},"123":{"start":{"line":124,"column":0},"end":{"line":124,"column":8}},"125":{"start":{"line":126,"column":0},"end":{"line":126,"column":45}},"126":{"start":{"line":127,"column":0},"end":{"line":127,"column":49}},"127":{"start":{"line":128,"column":0},"end":{"line":128,"column":3}},"129":{"start":{"line":130,"column":0},"end":{"line":130,"column":74}},"131":{"start":{"line":132,"column":0},"end":{"line":132,"column":10}},"132":{"start":{"line":133,"column":0},"end":{"line":133,"column":31}},"133":{"start":{"line":134,"column":0},"end":{"line":134,"column":33}},"134":{"start":{"line":135,"column":0},"end":{"line":135,"column":110}},"135":{"start":{"line":136,"column":0},"end":{"line":136,"column":13}},"136":{"start":{"line":137,"column":0},"end":{"line":137,"column":92}},"137":{"start":{"line":138,"column":0},"end":{"line":138,"column":144}},"138":{"start":{"line":139,"column":0},"end":{"line":139,"column":62}},"139":{"start":{"line":140,"column":0},"end":{"line":140,"column":21}},"140":{"start":{"line":141,"column":0},"end":{"line":141,"column":13}},"141":{"start":{"line":142,"column":0},"end":{"line":142,"column":14}},"142":{"start":{"line":143,"column":0},"end":{"line":143,"column":40}},"143":{"start":{"line":144,"column":0},"end":{"line":144,"column":86}},"144":{"start":{"line":145,"column":0},"end":{"line":145,"column":372}},"145":{"start":{"line":146,"column":0},"end":{"line":146,"column":14}},"146":{"start":{"line":147,"column":0},"end":{"line":147,"column":14}},"148":{"start":{"line":149,"column":0},"end":{"line":149,"column":29}},"149":{"start":{"line":150,"column":0},"end":{"line":150,"column":35}},"150":{"start":{"line":151,"column":0},"end":{"line":151,"column":123}},"151":{"start":{"line":152,"column":0},"end":{"line":152,"column":115}},"152":{"start":{"line":153,"column":0},"end":{"line":153,"column":99}},"153":{"start":{"line":154,"column":0},"end":{"line":154,"column":17}},"155":{"start":{"line":156,"column":0},"end":{"line":156,"column":77}},"156":{"start":{"line":157,"column":0},"end":{"line":157,"column":40}},"157":{"start":{"line":158,"column":0},"end":{"line":158,"column":186}},"158":{"start":{"line":159,"column":0},"end":{"line":159,"column":92}},"159":{"start":{"line":160,"column":0},"end":{"line":160,"column":16}},"161":{"start":{"line":162,"column":0},"end":{"line":162,"column":37}},"162":{"start":{"line":163,"column":0},"end":{"line":163,"column":228}},"163":{"start":{"line":164,"column":0},"end":{"line":164,"column":233}},"164":{"start":{"line":165,"column":0},"end":{"line":165,"column":214}},"165":{"start":{"line":166,"column":0},"end":{"line":166,"column":20}},"167":{"start":{"line":168,"column":0},"end":{"line":168,"column":188}},"168":{"start":{"line":169,"column":0},"end":{"line":169,"column":135}},"170":{"start":{"line":171,"column":0},"end":{"line":171,"column":38}},"171":{"start":{"line":172,"column":0},"end":{"line":172,"column":39}},"172":{"start":{"line":173,"column":0},"end":{"line":173,"column":197}},"173":{"start":{"line":174,"column":0},"end":{"line":174,"column":708}},"174":{"start":{"line":175,"column":0},"end":{"line":175,"column":22}},"175":{"start":{"line":176,"column":0},"end":{"line":176,"column":565}},"176":{"start":{"line":177,"column":0},"end":{"line":177,"column":16}},"177":{"start":{"line":178,"column":0},"end":{"line":178,"column":15}},"178":{"start":{"line":179,"column":0},"end":{"line":179,"column":13}},"179":{"start":{"line":180,"column":0},"end":{"line":180,"column":10}},"181":{"start":{"line":182,"column":0},"end":{"line":182,"column":1}}},"s":{"0":1,"2":1,"24":1,"25":1,"26":1,"27":1,"28":1,"30":1,"31":1,"32":1,"33":1,"34":1,"35":1,"37":1,"38":1,"39":1,"40":1,"41":1,"43":38,"44":38,"45":38,"47":9,"48":9,"49":9,"50":9,"51":9,"52":9,"53":9,"54":9,"55":9,"56":9,"57":9,"58":9,"59":3,"60":3,"61":3,"62":3,"63":3,"65":6,"66":6,"67":6,"68":6,"70":9,"72":9,"74":2,"75":2,"76":2,"77":2,"79":2,"80":0,"81":0,"82":0,"83":0,"84":0,"85":0,"86":0,"87":0,"88":0,"89":0,"90":0,"91":0,"92":0,"93":0,"94":0,"95":0,"96":0,"97":0,"98":0,"100":2,"101":2,"102":2,"103":2,"104":2,"105":2,"106":2,"107":2,"108":2,"109":2,"110":2,"111":2,"112":2,"113":2,"115":1,"116":5,"117":5,"119":5,"120":2,"121":2,"122":2,"123":5,"125":5,"126":1,"127":1,"129":5,"131":5,"132":5,"133":5,"134":5,"135":5,"136":5,"137":16,"138":16,"139":16,"140":5,"141":5,"142":5,"143":5,"144":5,"145":5,"146":5,"148":5,"149":5,"150":5,"151":5,"152":5,"153":5,"155":5,"156":3,"157":3,"158":3,"159":3,"161":3,"162":3,"163":3,"164":3,"165":3,"167":3,"168":3,"170":3,"171":3,"172":3,"173":3,"174":3,"175":3,"176":3,"177":3,"178":5,"179":5,"181":5},"branchMap":{"0":{"type":"branch","line":44,"loc":{"start":{"line":44,"column":0},"end":{"line":46,"column":1}},"locations":[{"start":{"line":44,"column":0},"end":{"line":46,"column":1}}]},"1":{"type":"branch","line":48,"loc":{"start":{"line":48,"column":0},"end":{"line":73,"column":1}},"locations":[{"start":{"line":48,"column":0},"end":{"line":73,"column":1}}]},"2":{"type":"branch","line":59,"loc":{"start":{"line":59,"column":26},"end":{"line":64,"column":14}},"locations":[{"start":{"line":59,"column":26},"end":{"line":64,"column":14}}]},"3":{"type":"branch","line":64,"loc":{"start":{"line":64,"column":8},"end":{"line":69,"column":14}},"locations":[{"start":{"line":64,"column":8},"end":{"line":69,"column":14}}]},"4":{"type":"branch","line":67,"loc":{"start":{"line":67,"column":36},"end":{"line":67,"column":75}},"locations":[{"start":{"line":67,"column":36},"end":{"line":67,"column":75}}]},"5":{"type":"branch","line":67,"loc":{"start":{"line":67,"column":46},"end":{"line":67,"column":111}},"locations":[{"start":{"line":67,"column":46},"end":{"line":67,"column":111}}]},"6":{"type":"branch","line":75,"loc":{"start":{"line":75,"column":0},"end":{"line":114,"column":1}},"locations":[{"start":{"line":75,"column":0},"end":{"line":114,"column":1}}]},"7":{"type":"branch","line":103,"loc":{"start":{"line":103,"column":9},"end":{"line":103,"column":41}},"locations":[{"start":{"line":103,"column":9},"end":{"line":103,"column":41}}]},"8":{"type":"branch","line":103,"loc":{"start":{"line":103,"column":20},"end":{"line":103,"column":72}},"locations":[{"start":{"line":103,"column":20},"end":{"line":103,"column":72}}]},"9":{"type":"branch","line":104,"loc":{"start":{"line":104,"column":8},"end":{"line":104,"column":82}},"locations":[{"start":{"line":104,"column":8},"end":{"line":104,"column":82}}]},"10":{"type":"branch","line":104,"loc":{"start":{"line":104,"column":19},"end":{"line":104,"column":125}},"locations":[{"start":{"line":104,"column":19},"end":{"line":104,"column":125}}]},"11":{"type":"branch","line":106,"loc":{"start":{"line":106,"column":7},"end":{"line":106,"column":259}},"locations":[{"start":{"line":106,"column":7},"end":{"line":106,"column":259}}]},"12":{"type":"branch","line":106,"loc":{"start":{"line":106,"column":253},"end":{"line":106,"column":360}},"locations":[{"start":{"line":106,"column":253},"end":{"line":106,"column":360}}]},"13":{"type":"branch","line":107,"loc":{"start":{"line":107,"column":102},"end":{"line":107,"column":130}},"locations":[{"start":{"line":107,"column":102},"end":{"line":107,"column":130}}]},"14":{"type":"branch","line":107,"loc":{"start":{"line":107,"column":113},"end":{"line":107,"column":150}},"locations":[{"start":{"line":107,"column":113},"end":{"line":107,"column":150}}]},"15":{"type":"branch","line":108,"loc":{"start":{"line":108,"column":7},"end":{"line":108,"column":54}},"locations":[{"start":{"line":108,"column":7},"end":{"line":108,"column":54}}]},"16":{"type":"branch","line":109,"loc":{"start":{"line":109,"column":71},"end":{"line":109,"column":97}},"locations":[{"start":{"line":109,"column":71},"end":{"line":109,"column":97}}]},"17":{"type":"branch","line":109,"loc":{"start":{"line":109,"column":82},"end":{"line":109,"column":112}},"locations":[{"start":{"line":109,"column":82},"end":{"line":109,"column":112}}]},"18":{"type":"branch","line":111,"loc":{"start":{"line":111,"column":120},"end":{"line":111,"column":155}},"locations":[{"start":{"line":111,"column":120},"end":{"line":111,"column":155}}]},"19":{"type":"branch","line":111,"loc":{"start":{"line":111,"column":131},"end":{"line":111,"column":173}},"locations":[{"start":{"line":111,"column":131},"end":{"line":111,"column":173}}]},"20":{"type":"branch","line":112,"loc":{"start":{"line":112,"column":5},"end":{"line":112,"column":89}},"locations":[{"start":{"line":112,"column":5},"end":{"line":112,"column":89}}]},"21":{"type":"branch","line":111,"loc":{"start":{"line":111,"column":71},"end":{"line":111,"column":120}},"locations":[{"start":{"line":111,"column":71},"end":{"line":111,"column":120}}]},"22":{"type":"branch","line":116,"loc":{"start":{"line":116,"column":7},"end":{"line":182,"column":1}},"locations":[{"start":{"line":116,"column":7},"end":{"line":182,"column":1}}]},"23":{"type":"branch","line":126,"loc":{"start":{"line":126,"column":6},"end":{"line":126,"column":23}},"locations":[{"start":{"line":126,"column":6},"end":{"line":126,"column":23}}]},"24":{"type":"branch","line":126,"loc":{"start":{"line":126,"column":12},"end":{"line":126,"column":44}},"locations":[{"start":{"line":126,"column":12},"end":{"line":126,"column":44}}]},"25":{"type":"branch","line":126,"loc":{"start":{"line":126,"column":44},"end":{"line":128,"column":3}},"locations":[{"start":{"line":126,"column":44},"end":{"line":128,"column":3}}]},"26":{"type":"branch","line":128,"loc":{"start":{"line":128,"column":2},"end":{"line":130,"column":28}},"locations":[{"start":{"line":128,"column":2},"end":{"line":130,"column":28}}]},"27":{"type":"branch","line":130,"loc":{"start":{"line":130,"column":22},"end":{"line":130,"column":34}},"locations":[{"start":{"line":130,"column":22},"end":{"line":130,"column":34}}]},"28":{"type":"branch","line":130,"loc":{"start":{"line":130,"column":28},"end":{"line":130,"column":42}},"locations":[{"start":{"line":130,"column":28},"end":{"line":130,"column":42}}]},"29":{"type":"branch","line":130,"loc":{"start":{"line":130,"column":34},"end":{"line":130,"column":66}},"locations":[{"start":{"line":130,"column":34},"end":{"line":130,"column":66}}]},"30":{"type":"branch","line":130,"loc":{"start":{"line":130,"column":42},"end":{"line":130,"column":54}},"locations":[{"start":{"line":130,"column":42},"end":{"line":130,"column":54}}]},"31":{"type":"branch","line":130,"loc":{"start":{"line":130,"column":48},"end":{"line":130,"column":66}},"locations":[{"start":{"line":130,"column":48},"end":{"line":130,"column":66}}]},"32":{"type":"branch","line":130,"loc":{"start":{"line":130,"column":54},"end":{"line":130,"column":74}},"locations":[{"start":{"line":130,"column":54},"end":{"line":130,"column":74}}]},"33":{"type":"branch","line":145,"loc":{"start":{"line":145,"column":81},"end":{"line":145,"column":96}},"locations":[{"start":{"line":145,"column":81},"end":{"line":145,"column":96}}]},"34":{"type":"branch","line":145,"loc":{"start":{"line":145,"column":179},"end":{"line":145,"column":202}},"locations":[{"start":{"line":145,"column":179},"end":{"line":145,"column":202}}]},"35":{"type":"branch","line":145,"loc":{"start":{"line":145,"column":185},"end":{"line":145,"column":366}},"locations":[{"start":{"line":145,"column":185},"end":{"line":145,"column":366}}]},"36":{"type":"branch","line":156,"loc":{"start":{"line":156,"column":23},"end":{"line":156,"column":52}},"locations":[{"start":{"line":156,"column":23},"end":{"line":156,"column":52}}]},"37":{"type":"branch","line":156,"loc":{"start":{"line":156,"column":47},"end":{"line":178,"column":15}},"locations":[{"start":{"line":156,"column":47},"end":{"line":178,"column":15}}]},"38":{"type":"branch","line":120,"loc":{"start":{"line":120,"column":12},"end":{"line":124,"column":5}},"locations":[{"start":{"line":120,"column":12},"end":{"line":124,"column":5}}]},"39":{"type":"branch","line":121,"loc":{"start":{"line":121,"column":31},"end":{"line":121,"column":105}},"locations":[{"start":{"line":121,"column":31},"end":{"line":121,"column":105}}]},"40":{"type":"branch","line":122,"loc":{"start":{"line":122,"column":12},"end":{"line":122,"column":139}},"locations":[{"start":{"line":122,"column":12},"end":{"line":122,"column":139}}]},"41":{"type":"branch","line":122,"loc":{"start":{"line":122,"column":47},"end":{"line":122,"column":138}},"locations":[{"start":{"line":122,"column":47},"end":{"line":122,"column":138}}]},"42":{"type":"branch","line":122,"loc":{"start":{"line":122,"column":90},"end":{"line":122,"column":137}},"locations":[{"start":{"line":122,"column":90},"end":{"line":122,"column":137}}]},"43":{"type":"branch","line":137,"loc":{"start":{"line":137,"column":74},"end":{"line":140,"column":21}},"locations":[{"start":{"line":137,"column":74},"end":{"line":140,"column":21}}]},"44":{"type":"branch","line":138,"loc":{"start":{"line":138,"column":70},"end":{"line":138,"column":97}},"locations":[{"start":{"line":138,"column":70},"end":{"line":138,"column":97}}]},"45":{"type":"branch","line":138,"loc":{"start":{"line":138,"column":77},"end":{"line":138,"column":109}},"locations":[{"start":{"line":138,"column":77},"end":{"line":138,"column":109}}]},"46":{"type":"branch","line":138,"loc":{"start":{"line":138,"column":118},"end":{"line":138,"column":144}},"locations":[{"start":{"line":138,"column":118},"end":{"line":138,"column":144}}]},"47":{"type":"branch","line":169,"loc":{"start":{"line":169,"column":58},"end":{"line":169,"column":123}},"locations":[{"start":{"line":169,"column":58},"end":{"line":169,"column":123}}]},"48":{"type":"branch","line":174,"loc":{"start":{"line":174,"column":54},"end":{"line":174,"column":700}},"locations":[{"start":{"line":174,"column":54},"end":{"line":174,"column":700}}]},"49":{"type":"branch","line":174,"loc":{"start":{"line":174,"column":199},"end":{"line":174,"column":215}},"locations":[{"start":{"line":174,"column":199},"end":{"line":174,"column":215}}]},"50":{"type":"branch","line":174,"loc":{"start":{"line":174,"column":203},"end":{"line":174,"column":342}},"locations":[{"start":{"line":174,"column":203},"end":{"line":174,"column":342}}]},"51":{"type":"branch","line":174,"loc":{"start":{"line":174,"column":258},"end":{"line":174,"column":274}},"locations":[{"start":{"line":174,"column":258},"end":{"line":174,"column":274}}]},"52":{"type":"branch","line":174,"loc":{"start":{"line":174,"column":262},"end":{"line":174,"column":342}},"locations":[{"start":{"line":174,"column":262},"end":{"line":174,"column":342}}]},"53":{"type":"branch","line":174,"loc":{"start":{"line":174,"column":320},"end":{"line":174,"column":342}},"locations":[{"start":{"line":174,"column":320},"end":{"line":174,"column":342}}]},"54":{"type":"branch","line":174,"loc":{"start":{"line":174,"column":622},"end":{"line":174,"column":635}},"locations":[{"start":{"line":174,"column":622},"end":{"line":174,"column":635}}]},"55":{"type":"branch","line":174,"loc":{"start":{"line":174,"column":627},"end":{"line":174,"column":639}},"locations":[{"start":{"line":174,"column":627},"end":{"line":174,"column":639}}]}},"b":{"0":[38],"1":[9],"2":[3],"3":[6],"4":[3],"5":[3],"6":[2],"7":[1],"8":[1],"9":[1],"10":[1],"11":[1],"12":[1],"13":[1],"14":[1],"15":[0],"16":[1],"17":[1],"18":[1],"19":[1],"20":[0],"21":[1],"22":[5],"23":[3],"24":[1],"25":[1],"26":[4],"27":[2],"28":[0],"29":[4],"30":[2],"31":[0],"32":[4],"33":[4],"34":[2],"35":[0],"36":[1],"37":[3],"38":[2],"39":[2],"40":[2],"41":[2],"42":[2],"43":[16],"44":[4],"45":[12],"46":[1],"47":[9],"48":[12],"49":[3],"50":[9],"51":[6],"52":[3],"53":[0],"54":[6],"55":[6]},"fnMap":{"0":{"name":"Icon","decl":{"start":{"line":44,"column":0},"end":{"line":46,"column":1}},"loc":{"start":{"line":44,"column":0},"end":{"line":46,"column":1}},"line":44},"1":{"name":"PrinterCard","decl":{"start":{"line":48,"column":0},"end":{"line":73,"column":1}},"loc":{"start":{"line":48,"column":0},"end":{"line":73,"column":1}},"line":48},"2":{"name":"AuthPage","decl":{"start":{"line":75,"column":0},"end":{"line":114,"column":1}},"loc":{"start":{"line":75,"column":0},"end":{"line":114,"column":1}},"line":75},"3":{"name":"submit","decl":{"start":{"line":80,"column":2},"end":{"line":99,"column":3}},"loc":{"start":{"line":80,"column":2},"end":{"line":99,"column":3}},"line":80},"4":{"name":"onClick","decl":{"start":{"line":111,"column":71},"end":{"line":111,"column":120}},"loc":{"start":{"line":111,"column":71},"end":{"line":111,"column":120}},"line":111},"5":{"name":"App","decl":{"start":{"line":116,"column":7},"end":{"line":182,"column":1}},"loc":{"start":{"line":116,"column":7},"end":{"line":182,"column":1}},"line":116},"6":{"name":"onClick","decl":{"start":{"line":138,"column":118},"end":{"line":138,"column":144}},"loc":{"start":{"line":138,"column":118},"end":{"line":138,"column":144}},"line":138},"7":{"name":"onClick","decl":{"start":{"line":145,"column":259},"end":{"line":145,"column":345}},"loc":{"start":{"line":145,"column":259},"end":{"line":145,"column":345}},"line":145}},"f":{"0":38,"1":9,"2":2,"3":0,"4":1,"5":5,"6":1,"7":0}}
,"D:\\Perso\\VSC\\Print-tracker.worktrees\\ajout-tests-automatiques-complets\\src\\SpoolsPage.tsx": {"path":"D:\\Perso\\VSC\\Print-tracker.worktrees\\ajout-tests-automatiques-complets\\src\\SpoolsPage.tsx","all":false,"statementMap":{"0":{"start":{"line":1,"column":0},"end":{"line":1,"column":41}},"2":{"start":{"line":3,"column":0},"end":{"line":3,"column":52}},"16":{"start":{"line":17,"column":0},"end":{"line":17,"column":32}},"17":{"start":{"line":18,"column":0},"end":{"line":18,"column":137}},"18":{"start":{"line":19,"column":0},"end":{"line":19,"column":128}},"19":{"start":{"line":20,"column":0},"end":{"line":20,"column":137}},"20":{"start":{"line":21,"column":0},"end":{"line":21,"column":129}},"21":{"start":{"line":22,"column":0},"end":{"line":22,"column":1}},"24":{"start":{"line":25,"column":0},"end":{"line":25,"column":144}},"26":{"start":{"line":27,"column":0},"end":{"line":27,"column":42}},"27":{"start":{"line":28,"column":0},"end":{"line":28,"column":7}},"28":{"start":{"line":29,"column":0},"end":{"line":29,"column":30}},"29":{"start":{"line":30,"column":0},"end":{"line":30,"column":97}},"30":{"start":{"line":31,"column":0},"end":{"line":31,"column":59}},"31":{"start":{"line":32,"column":0},"end":{"line":32,"column":74}},"32":{"start":{"line":33,"column":0},"end":{"line":33,"column":11}},"33":{"start":{"line":34,"column":0},"end":{"line":34,"column":15}},"34":{"start":{"line":35,"column":0},"end":{"line":35,"column":3}},"35":{"start":{"line":36,"column":0},"end":{"line":36,"column":1}},"37":{"start":{"line":38,"column":0},"end":{"line":38,"column":35}},"38":{"start":{"line":39,"column":0},"end":{"line":39,"column":60}},"39":{"start":{"line":40,"column":0},"end":{"line":40,"column":1}},"41":{"start":{"line":42,"column":0},"end":{"line":42,"column":30}},"42":{"start":{"line":43,"column":0},"end":{"line":43,"column":55}},"43":{"start":{"line":44,"column":0},"end":{"line":44,"column":62}},"44":{"start":{"line":45,"column":0},"end":{"line":45,"column":63}},"45":{"start":{"line":46,"column":0},"end":{"line":46,"column":4}},"46":{"start":{"line":47,"column":0},"end":{"line":47,"column":40}},"47":{"start":{"line":48,"column":0},"end":{"line":48,"column":50}},"48":{"start":{"line":49,"column":0},"end":{"line":49,"column":56}},"49":{"start":{"line":50,"column":0},"end":{"line":50,"column":65}},"50":{"start":{"line":51,"column":0},"end":{"line":51,"column":53}},"51":{"start":{"line":52,"column":0},"end":{"line":52,"column":59}},"52":{"start":{"line":53,"column":0},"end":{"line":53,"column":48}},"54":{"start":{"line":55,"column":0},"end":{"line":55,"column":65}},"55":{"start":{"line":56,"column":0},"end":{"line":56,"column":136}},"56":{"start":{"line":57,"column":0},"end":{"line":57,"column":79}},"57":{"start":{"line":58,"column":0},"end":{"line":58,"column":32}},"59":{"start":{"line":60,"column":0},"end":{"line":60,"column":32}},"60":{"start":{"line":61,"column":0},"end":{"line":61,"column":19}},"61":{"start":{"line":62,"column":0},"end":{"line":62,"column":70}},"62":{"start":{"line":63,"column":0},"end":{"line":63,"column":3}},"64":{"start":{"line":65,"column":0},"end":{"line":65,"column":25}},"65":{"start":{"line":66,"column":0},"end":{"line":66,"column":22}},"66":{"start":{"line":67,"column":0},"end":{"line":67,"column":22}},"67":{"start":{"line":68,"column":0},"end":{"line":68,"column":23}},"68":{"start":{"line":69,"column":0},"end":{"line":69,"column":3}},"70":{"start":{"line":71,"column":0},"end":{"line":71,"column":27}},"71":{"start":{"line":72,"column":0},"end":{"line":72,"column":20}},"72":{"start":{"line":73,"column":0},"end":{"line":73,"column":26}},"73":{"start":{"line":74,"column":0},"end":{"line":74,"column":44}},"74":{"start":{"line":75,"column":0},"end":{"line":75,"column":9}},"75":{"start":{"line":76,"column":0},"end":{"line":76,"column":82}},"76":{"start":{"line":77,"column":0},"end":{"line":77,"column":55}},"77":{"start":{"line":78,"column":0},"end":{"line":78,"column":20}},"78":{"start":{"line":79,"column":0},"end":{"line":79,"column":75}},"79":{"start":{"line":80,"column":0},"end":{"line":80,"column":31}},"80":{"start":{"line":81,"column":0},"end":{"line":81,"column":14}},"81":{"start":{"line":82,"column":0},"end":{"line":82,"column":7}},"82":{"start":{"line":83,"column":0},"end":{"line":83,"column":24}},"83":{"start":{"line":84,"column":0},"end":{"line":84,"column":105}},"84":{"start":{"line":85,"column":0},"end":{"line":85,"column":29}},"85":{"start":{"line":86,"column":0},"end":{"line":86,"column":25}},"86":{"start":{"line":87,"column":0},"end":{"line":87,"column":13}},"87":{"start":{"line":88,"column":0},"end":{"line":88,"column":83}},"88":{"start":{"line":89,"column":0},"end":{"line":89,"column":5}},"89":{"start":{"line":90,"column":0},"end":{"line":90,"column":3}},"91":{"start":{"line":92,"column":0},"end":{"line":92,"column":35}},"92":{"start":{"line":93,"column":0},"end":{"line":93,"column":26}},"93":{"start":{"line":94,"column":0},"end":{"line":94,"column":223}},"94":{"start":{"line":95,"column":0},"end":{"line":95,"column":23}},"95":{"start":{"line":96,"column":0},"end":{"line":96,"column":3}},"97":{"start":{"line":98,"column":0},"end":{"line":98,"column":54}},"98":{"start":{"line":99,"column":0},"end":{"line":99,"column":26}},"99":{"start":{"line":100,"column":0},"end":{"line":100,"column":132}},"100":{"start":{"line":101,"column":0},"end":{"line":101,"column":20}},"101":{"start":{"line":102,"column":0},"end":{"line":102,"column":89}},"102":{"start":{"line":103,"column":0},"end":{"line":103,"column":12}},"103":{"start":{"line":104,"column":0},"end":{"line":104,"column":95}},"104":{"start":{"line":105,"column":0},"end":{"line":105,"column":5}},"105":{"start":{"line":106,"column":0},"end":{"line":106,"column":24}},"106":{"start":{"line":107,"column":0},"end":{"line":107,"column":3}},"108":{"start":{"line":109,"column":0},"end":{"line":109,"column":32}},"109":{"start":{"line":110,"column":0},"end":{"line":110,"column":106}},"110":{"start":{"line":111,"column":0},"end":{"line":111,"column":3}},"112":{"start":{"line":113,"column":0},"end":{"line":113,"column":10}},"113":{"start":{"line":114,"column":0},"end":{"line":114,"column":40}},"114":{"start":{"line":115,"column":0},"end":{"line":115,"column":36}},"115":{"start":{"line":116,"column":0},"end":{"line":116,"column":166}},"116":{"start":{"line":117,"column":0},"end":{"line":117,"column":263}},"117":{"start":{"line":118,"column":0},"end":{"line":118,"column":12}},"118":{"start":{"line":119,"column":0},"end":{"line":119,"column":41}},"119":{"start":{"line":120,"column":0},"end":{"line":120,"column":79}},"120":{"start":{"line":121,"column":0},"end":{"line":121,"column":152}},"121":{"start":{"line":122,"column":0},"end":{"line":122,"column":143}},"122":{"start":{"line":123,"column":0},"end":{"line":123,"column":16}},"123":{"start":{"line":124,"column":0},"end":{"line":124,"column":405}},"124":{"start":{"line":125,"column":0},"end":{"line":125,"column":42}},"125":{"start":{"line":126,"column":0},"end":{"line":126,"column":40}},"126":{"start":{"line":127,"column":0},"end":{"line":127,"column":43}},"127":{"start":{"line":128,"column":0},"end":{"line":128,"column":67}},"128":{"start":{"line":129,"column":0},"end":{"line":129,"column":438}},"129":{"start":{"line":130,"column":0},"end":{"line":130,"column":182}},"130":{"start":{"line":131,"column":0},"end":{"line":131,"column":142}},"131":{"start":{"line":132,"column":0},"end":{"line":132,"column":138}},"132":{"start":{"line":133,"column":0},"end":{"line":133,"column":251}},"133":{"start":{"line":134,"column":0},"end":{"line":134,"column":20}},"134":{"start":{"line":135,"column":0},"end":{"line":135,"column":11}},"135":{"start":{"line":136,"column":0},"end":{"line":136,"column":120}},"136":{"start":{"line":137,"column":0},"end":{"line":137,"column":16}},"137":{"start":{"line":138,"column":0},"end":{"line":138,"column":1911}},"138":{"start":{"line":139,"column":0},"end":{"line":139,"column":565}},"139":{"start":{"line":140,"column":0},"end":{"line":140,"column":10}},"141":{"start":{"line":142,"column":0},"end":{"line":142,"column":1}}},"s":{"0":1,"2":1,"16":1,"17":1,"18":1,"19":1,"20":1,"21":1,"24":1,"26":0,"27":0,"28":0,"29":0,"30":0,"31":0,"32":0,"33":0,"34":0,"35":0,"37":109,"38":109,"39":109,"41":1,"42":14,"43":4,"44":4,"45":14,"46":14,"47":14,"48":14,"49":14,"50":14,"51":14,"52":14,"54":14,"55":32,"56":32,"57":14,"59":14,"60":3,"61":3,"62":3,"64":14,"65":1,"66":1,"67":1,"68":1,"70":14,"71":0,"72":0,"73":0,"74":0,"75":0,"76":0,"77":0,"78":0,"79":0,"80":0,"81":0,"82":0,"83":0,"84":0,"85":0,"86":0,"87":0,"88":0,"89":0,"91":14,"92":1,"93":1,"94":1,"95":1,"97":14,"98":2,"99":2,"100":2,"101":1,"102":1,"103":1,"104":1,"105":2,"106":2,"108":14,"109":1,"110":1,"112":14,"113":14,"114":14,"115":14,"116":14,"117":14,"118":14,"119":14,"120":14,"121":14,"122":14,"123":14,"124":14,"125":14,"126":53,"127":53,"128":53,"129":53,"130":53,"131":53,"132":53,"133":53,"134":14,"135":14,"136":14,"137":14,"138":14,"139":14,"141":14},"branchMap":{"0":{"type":"branch","line":38,"loc":{"start":{"line":38,"column":0},"end":{"line":40,"column":1}},"locations":[{"start":{"line":38,"column":0},"end":{"line":40,"column":1}}]},"1":{"type":"branch","line":42,"loc":{"start":{"line":42,"column":7},"end":{"line":142,"column":1}},"locations":[{"start":{"line":42,"column":7},"end":{"line":142,"column":1}}]},"2":{"type":"branch","line":136,"loc":{"start":{"line":136,"column":35},"end":{"line":136,"column":120}},"locations":[{"start":{"line":136,"column":35},"end":{"line":136,"column":120}}]},"3":{"type":"branch","line":138,"loc":{"start":{"line":138,"column":7},"end":{"line":138,"column":1911}},"locations":[{"start":{"line":138,"column":7},"end":{"line":138,"column":1911}}]},"4":{"type":"branch","line":138,"loc":{"start":{"line":138,"column":180},"end":{"line":138,"column":209}},"locations":[{"start":{"line":138,"column":180},"end":{"line":138,"column":209}}]},"5":{"type":"branch","line":138,"loc":{"start":{"line":138,"column":192},"end":{"line":138,"column":227}},"locations":[{"start":{"line":138,"column":192},"end":{"line":138,"column":227}}]},"6":{"type":"branch","line":138,"loc":{"start":{"line":138,"column":236},"end":{"line":138,"column":271}},"locations":[{"start":{"line":138,"column":236},"end":{"line":138,"column":271}}]},"7":{"type":"branch","line":138,"loc":{"start":{"line":138,"column":248},"end":{"line":138,"column":292}},"locations":[{"start":{"line":138,"column":248},"end":{"line":138,"column":292}}]},"8":{"type":"branch","line":138,"loc":{"start":{"line":138,"column":1556},"end":{"line":138,"column":1649}},"locations":[{"start":{"line":138,"column":1556},"end":{"line":138,"column":1649}}]},"9":{"type":"branch","line":138,"loc":{"start":{"line":138,"column":1834},"end":{"line":138,"column":1862}},"locations":[{"start":{"line":138,"column":1834},"end":{"line":138,"column":1862}}]},"10":{"type":"branch","line":138,"loc":{"start":{"line":138,"column":1846},"end":{"line":138,"column":1882}},"locations":[{"start":{"line":138,"column":1846},"end":{"line":138,"column":1882}}]},"11":{"type":"branch","line":139,"loc":{"start":{"line":139,"column":7},"end":{"line":139,"column":565}},"locations":[{"start":{"line":139,"column":7},"end":{"line":139,"column":565}}]},"12":{"type":"branch","line":43,"loc":{"start":{"line":43,"column":48},"end":{"line":46,"column":3}},"locations":[{"start":{"line":43,"column":48},"end":{"line":46,"column":3}}]},"13":{"type":"branch","line":45,"loc":{"start":{"line":45,"column":11},"end":{"line":45,"column":50}},"locations":[{"start":{"line":45,"column":11},"end":{"line":45,"column":50}}]},"14":{"type":"branch","line":55,"loc":{"start":{"line":55,"column":33},"end":{"line":58,"column":6}},"locations":[{"start":{"line":55,"column":33},"end":{"line":58,"column":6}}]},"15":{"type":"branch","line":55,"loc":{"start":{"line":55,"column":53},"end":{"line":58,"column":3}},"locations":[{"start":{"line":55,"column":53},"end":{"line":58,"column":3}}]},"16":{"type":"branch","line":57,"loc":{"start":{"line":57,"column":11},"end":{"line":57,"column":79}},"locations":[{"start":{"line":57,"column":11},"end":{"line":57,"column":79}}]},"17":{"type":"branch","line":57,"loc":{"start":{"line":57,"column":41},"end":{"line":57,"column":79}},"locations":[{"start":{"line":57,"column":41},"end":{"line":57,"column":79}}]},"18":{"type":"branch","line":60,"loc":{"start":{"line":60,"column":2},"end":{"line":63,"column":3}},"locations":[{"start":{"line":60,"column":2},"end":{"line":63,"column":3}}]},"19":{"type":"branch","line":65,"loc":{"start":{"line":65,"column":2},"end":{"line":69,"column":3}},"locations":[{"start":{"line":65,"column":2},"end":{"line":69,"column":3}}]},"20":{"type":"branch","line":92,"loc":{"start":{"line":92,"column":2},"end":{"line":96,"column":3}},"locations":[{"start":{"line":92,"column":2},"end":{"line":96,"column":3}}]},"21":{"type":"branch","line":98,"loc":{"start":{"line":98,"column":2},"end":{"line":107,"column":3}},"locations":[{"start":{"line":98,"column":2},"end":{"line":107,"column":3}}]},"22":{"type":"branch","line":100,"loc":{"start":{"line":100,"column":126},"end":{"line":100,"column":132}},"locations":[{"start":{"line":100,"column":126},"end":{"line":100,"column":132}}]},"23":{"type":"branch","line":101,"loc":{"start":{"line":101,"column":19},"end":{"line":105,"column":5}},"locations":[{"start":{"line":101,"column":19},"end":{"line":105,"column":5}}]},"24":{"type":"branch","line":102,"loc":{"start":{"line":102,"column":22},"end":{"line":102,"column":87}},"locations":[{"start":{"line":102,"column":22},"end":{"line":102,"column":87}}]},"25":{"type":"branch","line":102,"loc":{"start":{"line":102,"column":46},"end":{"line":102,"column":82}},"locations":[{"start":{"line":102,"column":46},"end":{"line":102,"column":82}}]},"26":{"type":"branch","line":102,"loc":{"start":{"line":102,"column":78},"end":{"line":102,"column":87}},"locations":[{"start":{"line":102,"column":78},"end":{"line":102,"column":87}}]},"27":{"type":"branch","line":109,"loc":{"start":{"line":109,"column":2},"end":{"line":111,"column":3}},"locations":[{"start":{"line":109,"column":2},"end":{"line":111,"column":3}}]},"28":{"type":"branch","line":110,"loc":{"start":{"line":110,"column":78},"end":{"line":110,"column":104}},"locations":[{"start":{"line":110,"column":78},"end":{"line":110,"column":104}}]},"29":{"type":"branch","line":121,"loc":{"start":{"line":121,"column":69},"end":{"line":121,"column":112}},"locations":[{"start":{"line":121,"column":69},"end":{"line":121,"column":112}}]},"30":{"type":"branch","line":122,"loc":{"start":{"line":122,"column":86},"end":{"line":122,"column":119}},"locations":[{"start":{"line":122,"column":86},"end":{"line":122,"column":119}}]},"31":{"type":"branch","line":124,"loc":{"start":{"line":124,"column":99},"end":{"line":124,"column":140}},"locations":[{"start":{"line":124,"column":99},"end":{"line":124,"column":140}}]},"32":{"type":"branch","line":126,"loc":{"start":{"line":126,"column":28},"end":{"line":135,"column":9}},"locations":[{"start":{"line":126,"column":28},"end":{"line":135,"column":9}}]},"33":{"type":"branch","line":129,"loc":{"start":{"line":129,"column":149},"end":{"line":129,"column":165}},"locations":[{"start":{"line":129,"column":149},"end":{"line":129,"column":165}}]},"34":{"type":"branch","line":129,"loc":{"start":{"line":129,"column":153},"end":{"line":129,"column":233}},"locations":[{"start":{"line":129,"column":153},"end":{"line":129,"column":233}}]},"35":{"type":"branch","line":129,"loc":{"start":{"line":129,"column":207},"end":{"line":129,"column":223}},"locations":[{"start":{"line":129,"column":207},"end":{"line":129,"column":223}}]},"36":{"type":"branch","line":129,"loc":{"start":{"line":129,"column":211},"end":{"line":129,"column":233}},"locations":[{"start":{"line":129,"column":211},"end":{"line":129,"column":233}}]},"37":{"type":"branch","line":129,"loc":{"start":{"line":129,"column":350},"end":{"line":129,"column":369}},"locations":[{"start":{"line":129,"column":350},"end":{"line":129,"column":369}}]},"38":{"type":"branch","line":129,"loc":{"start":{"line":129,"column":355},"end":{"line":129,"column":382}},"locations":[{"start":{"line":129,"column":355},"end":{"line":129,"column":382}}]},"39":{"type":"branch","line":129,"loc":{"start":{"line":129,"column":392},"end":{"line":129,"column":414}},"locations":[{"start":{"line":129,"column":392},"end":{"line":129,"column":414}}]},"40":{"type":"branch","line":129,"loc":{"start":{"line":129,"column":397},"end":{"line":129,"column":425}},"locations":[{"start":{"line":129,"column":397},"end":{"line":129,"column":425}}]},"41":{"type":"branch","line":130,"loc":{"start":{"line":130,"column":132},"end":{"line":130,"column":169}},"locations":[{"start":{"line":130,"column":132},"end":{"line":130,"column":169}}]},"42":{"type":"branch","line":131,"loc":{"start":{"line":131,"column":19},"end":{"line":131,"column":142}},"locations":[{"start":{"line":131,"column":19},"end":{"line":131,"column":142}}]},"43":{"type":"branch","line":132,"loc":{"start":{"line":132,"column":80},"end":{"line":132,"column":93}},"locations":[{"start":{"line":132,"column":80},"end":{"line":132,"column":93}}]},"44":{"type":"branch","line":132,"loc":{"start":{"line":132,"column":85},"end":{"line":132,"column":97}},"locations":[{"start":{"line":132,"column":85},"end":{"line":132,"column":97}}]},"45":{"type":"branch","line":133,"loc":{"start":{"line":133,"column":107},"end":{"line":133,"column":130}},"locations":[{"start":{"line":133,"column":107},"end":{"line":133,"column":130}}]},"46":{"type":"branch","line":133,"loc":{"start":{"line":133,"column":204},"end":{"line":133,"column":229}},"locations":[{"start":{"line":133,"column":204},"end":{"line":133,"column":229}}]},"47":{"type":"branch","line":138,"loc":{"start":{"line":138,"column":461},"end":{"line":138,"column":521}},"locations":[{"start":{"line":138,"column":461},"end":{"line":138,"column":521}}]},"48":{"type":"branch","line":138,"loc":{"start":{"line":138,"column":880},"end":{"line":138,"column":940}},"locations":[{"start":{"line":138,"column":880},"end":{"line":138,"column":940}}]},"49":{"type":"branch","line":138,"loc":{"start":{"line":138,"column":1446},"end":{"line":138,"column":1509}},"locations":[{"start":{"line":138,"column":1446},"end":{"line":138,"column":1509}}]}},"b":{"0":[109],"1":[14],"2":[0],"3":[6],"4":[2],"5":[4],"6":[2],"7":[4],"8":[0],"9":[2],"10":[4],"11":[0],"12":[4],"13":[0],"14":[8],"15":[32],"16":[29],"17":[0],"18":[3],"19":[1],"20":[1],"21":[2],"22":[0],"23":[1],"24":[4],"25":[1],"26":[3],"27":[1],"28":[4],"29":[56],"30":[56],"31":[1],"32":[53],"33":[11],"34":[42],"35":[14],"36":[28],"37":[27],"38":[26],"39":[27],"40":[26],"41":[0],"42":[0],"43":[27],"44":[26],"45":[1],"46":[1],"47":[1],"48":[2],"49":[1]},"fnMap":{"0":{"name":"parsePrusamentQr","decl":{"start":{"line":27,"column":0},"end":{"line":36,"column":1}},"loc":{"start":{"line":27,"column":0},"end":{"line":36,"column":1}},"line":27},"1":{"name":"percentage","decl":{"start":{"line":38,"column":0},"end":{"line":40,"column":1}},"loc":{"start":{"line":38,"column":0},"end":{"line":40,"column":1}},"line":38},"2":{"name":"SpoolsPage","decl":{"start":{"line":42,"column":7},"end":{"line":142,"column":1}},"loc":{"start":{"line":42,"column":7},"end":{"line":142,"column":1}},"line":42},"3":{"name":"save","decl":{"start":{"line":60,"column":2},"end":{"line":63,"column":3}},"loc":{"start":{"line":60,"column":2},"end":{"line":63,"column":3}},"line":60},"4":{"name":"openCreate","decl":{"start":{"line":65,"column":2},"end":{"line":69,"column":3}},"loc":{"start":{"line":65,"column":2},"end":{"line":69,"column":3}},"line":65},"5":{"name":"scanQr","decl":{"start":{"line":71,"column":2},"end":{"line":90,"column":3}},"loc":{"start":{"line":71,"column":2},"end":{"line":90,"column":3}},"line":71},"6":{"name":"openEdit","decl":{"start":{"line":92,"column":2},"end":{"line":96,"column":3}},"loc":{"start":{"line":92,"column":2},"end":{"line":96,"column":3}},"line":92},"7":{"name":"submit","decl":{"start":{"line":98,"column":2},"end":{"line":107,"column":3}},"loc":{"start":{"line":98,"column":2},"end":{"line":107,"column":3}},"line":98},"8":{"name":"archive","decl":{"start":{"line":109,"column":2},"end":{"line":111,"column":3}},"loc":{"start":{"line":109,"column":2},"end":{"line":111,"column":3}},"line":109},"9":{"name":"onChange","decl":{"start":{"line":124,"column":99},"end":{"line":124,"column":140}},"loc":{"start":{"line":124,"column":99},"end":{"line":124,"column":140}},"line":124},"10":{"name":"onChange","decl":{"start":{"line":124,"column":224},"end":{"line":124,"column":268}},"loc":{"start":{"line":124,"column":224},"end":{"line":124,"column":268}},"line":124},"11":{"name":"onClick","decl":{"start":{"line":133,"column":107},"end":{"line":133,"column":130}},"loc":{"start":{"line":133,"column":107},"end":{"line":133,"column":130}},"line":133},"12":{"name":"onClick","decl":{"start":{"line":133,"column":204},"end":{"line":133,"column":229}},"loc":{"start":{"line":133,"column":204},"end":{"line":133,"column":229}},"line":133},"13":{"name":"onClick","decl":{"start":{"line":138,"column":359},"end":{"line":138,"column":387}},"loc":{"start":{"line":138,"column":359},"end":{"line":138,"column":387}},"line":138},"14":{"name":"onChange","decl":{"start":{"line":138,"column":461},"end":{"line":138,"column":521}},"loc":{"start":{"line":138,"column":461},"end":{"line":138,"column":521}},"line":138},"15":{"name":"onChange","decl":{"start":{"line":138,"column":640},"end":{"line":138,"column":703}},"loc":{"start":{"line":138,"column":640},"end":{"line":138,"column":703}},"line":138},"16":{"name":"onChange","decl":{"start":{"line":138,"column":880},"end":{"line":138,"column":940}},"loc":{"start":{"line":138,"column":880},"end":{"line":138,"column":940}},"line":138},"17":{"name":"onChange","decl":{"start":{"line":138,"column":1107},"end":{"line":138,"column":1177}},"loc":{"start":{"line":138,"column":1107},"end":{"line":138,"column":1177}},"line":138},"18":{"name":"onChange","decl":{"start":{"line":138,"column":1301},"end":{"line":138,"column":1373}},"loc":{"start":{"line":138,"column":1301},"end":{"line":138,"column":1373}},"line":138},"19":{"name":"onChange","decl":{"start":{"line":138,"column":1446},"end":{"line":138,"column":1509}},"loc":{"start":{"line":138,"column":1446},"end":{"line":138,"column":1509}},"line":138},"20":{"name":"onClick","decl":{"start":{"line":138,"column":1740},"end":{"line":138,"column":1768}},"loc":{"start":{"line":138,"column":1740},"end":{"line":138,"column":1768}},"line":138},"21":{"name":"onClick","decl":{"start":{"line":139,"column":278},"end":{"line":139,"column":309}},"loc":{"start":{"line":139,"column":278},"end":{"line":139,"column":309}},"line":139}},"f":{"0":0,"1":109,"2":14,"3":3,"4":1,"5":0,"6":1,"7":2,"8":1,"9":1,"10":0,"11":1,"12":1,"13":0,"14":1,"15":0,"16":2,"17":0,"18":0,"19":1,"20":0,"21":0}}
,"D:\\Perso\\VSC\\Print-tracker.worktrees\\ajout-tests-automatiques-complets\\src\\main.tsx": {"path":"D:\\Perso\\VSC\\Print-tracker.worktrees\\ajout-tests-automatiques-complets\\src\\main.tsx","all":true,"statementMap":{"0":{"start":{"line":1,"column":0},"end":{"line":1,"column":34}},"1":{"start":{"line":2,"column":0},"end":{"line":2,"column":45}},"2":{"start":{"line":3,"column":0},"end":{"line":3,"column":21}},"3":{"start":{"line":4,"column":0},"end":{"line":4,"column":27}},"5":{"start":{"line":6,"column":0},"end":{"line":6,"column":52}},"6":{"start":{"line":7,"column":0},"end":{"line":7,"column":14}},"7":{"start":{"line":8,"column":0},"end":{"line":8,"column":11}},"8":{"start":{"line":9,"column":0},"end":{"line":9,"column":16}},"9":{"start":{"line":10,"column":0},"end":{"line":10,"column":1}}},"s":{"0":0,"1":0,"2":0,"3":0,"5":0,"6":0,"7":0,"8":0,"9":0},"branchMap":{"0":{"type":"branch","line":1,"loc":{"start":{"line":1,"column":211},"end":{"line":10,"column":-157}},"locations":[{"start":{"line":1,"column":211},"end":{"line":10,"column":-157}}]}},"b":{"0":[0]},"fnMap":{"0":{"name":"(empty-report)","decl":{"start":{"line":1,"column":211},"end":{"line":10,"column":-157}},"loc":{"start":{"line":1,"column":211},"end":{"line":10,"column":-157}},"line":1}},"f":{"0":0}}
}
